<?xml version="1.0" encoding="UTF-8"?>
<robot generator="Robot 7.0.1 (Python 3.12.4 on win32)" generated="2025-02-10T14:01:36.494518" rpa="false" schemaversion="5">
<suite id="s1" name="Propor Novo Acordo Testes" source="c:\Robot\web\test\propor_novo_acordo_testes.robot">
<test id="s1-t1" name="Caso de teste 02 - Criar novo acordo" line="17">
<kw name="Abrir o navegador" owner="propor_novo_acordo_page" type="SETUP">
<kw name="Open Browser" owner="SeleniumLibrary">
<msg time="2025-02-10T14:01:36.668479" level="INFO">Opening browser 'chrome' to base url 'None'.</msg>
<arg>browser=${BROWSER}</arg>
<doc>Opens a new browser instance to the optional ``url``.</doc>
<status status="PASS" start="2025-02-10T14:01:36.668479" elapsed="1.536950"/>
</kw>
<kw name="Maximize Browser Window" owner="SeleniumLibrary">
<doc>Maximizes current browser window.</doc>
<status status="PASS" start="2025-02-10T14:01:38.206429" elapsed="0.039604"/>
</kw>
<status status="PASS" start="2025-02-10T14:01:36.667478" elapsed="1.578555"/>
</kw>
<kw name="Dado que estou logado no sistema de acordos" owner="propor_novo_acordo_page">
<kw name="Go To" owner="SeleniumLibrary">
<msg time="2025-02-10T14:01:38.248541" level="INFO">Opening url 'http://autocomposicao-frontend-dev.apps.ocppge.in.pge.rj.gov.br/acordos'</msg>
<arg>url=${URL}</arg>
<doc>Navigates the current browser window to the provided ``url``.</doc>
<status status="PASS" start="2025-02-10T14:01:38.247042" elapsed="1.139269"/>
</kw>
<status status="PASS" start="2025-02-10T14:01:38.247042" elapsed="1.139269"/>
</kw>
<kw name="E visualizo o título da página" owner="propor_novo_acordo_page">
<kw name="Wait Until Element Is Visible" owner="SeleniumLibrary">
<arg>//h4[contains(.,'Câmara Administrativa de Solução de Controvérsias - CASC')]</arg>
<doc>Waits until the element ``locator`` is visible.</doc>
<status status="PASS" start="2025-02-10T14:01:39.388314" elapsed="0.238473"/>
</kw>
<kw name="Page Should Contain" owner="SeleniumLibrary">
<msg time="2025-02-10T14:01:39.642786" level="INFO">Current page contains text 'Câmara Administrativa de Solução de Controvérsias - CASC'.</msg>
<arg>text=Câmara Administrativa de Solução de Controvérsias - CASC</arg>
<doc>Verifies that current page contains ``text``.</doc>
<status status="PASS" start="2025-02-10T14:01:39.627785" elapsed="0.015001"/>
</kw>
<kw name="Capture Page Screenshot" owner="SeleniumLibrary">
<msg time="2025-02-10T14:01:39.744552" level="INFO" html="true">&lt;/td&gt;&lt;/tr&gt;&lt;tr&gt;&lt;td colspan="3"&gt;&lt;a href="selenium-screenshot-370.png"&gt;&lt;img src="selenium-screenshot-370.png" width="800px"&gt;&lt;/a&gt;</msg>
<doc>Takes a screenshot of the current page and embeds it into a log file.</doc>
<status status="PASS" start="2025-02-10T14:01:39.642786" elapsed="0.101766"/>
</kw>
<status status="PASS" start="2025-02-10T14:01:39.387314" elapsed="0.357238"/>
</kw>
<kw name="E clico no botão Propor Novo Acordo" owner="propor_novo_acordo_page">
<kw name="Wait Until Element Is Visible" owner="SeleniumLibrary">
<arg>//span[contains(.,'Propor Novo Acordo')]</arg>
<doc>Waits until the element ``locator`` is visible.</doc>
<status status="PASS" start="2025-02-10T14:01:39.745555" elapsed="0.016996"/>
</kw>
<kw name="Click Element" owner="SeleniumLibrary">
<msg time="2025-02-10T14:01:39.763552" level="INFO">Clicking element '//span[contains(.,'Propor Novo Acordo')]'.</msg>
<arg>${CLICK_BUTON_ACORDO}</arg>
<doc>Click the element identified by ``locator``.</doc>
<status status="PASS" start="2025-02-10T14:01:39.763552" elapsed="0.314204"/>
</kw>
<kw name="Capture Page Screenshot" owner="SeleniumLibrary">
<msg time="2025-02-10T14:01:40.220850" level="INFO" html="true">&lt;/td&gt;&lt;/tr&gt;&lt;tr&gt;&lt;td colspan="3"&gt;&lt;a href="selenium-screenshot-371.png"&gt;&lt;img src="selenium-screenshot-371.png" width="800px"&gt;&lt;/a&gt;</msg>
<doc>Takes a screenshot of the current page and embeds it into a log file.</doc>
<status status="PASS" start="2025-02-10T14:01:40.077756" elapsed="0.143094"/>
</kw>
<status status="PASS" start="2025-02-10T14:01:39.745555" elapsed="0.476305"/>
</kw>
<kw name="E preencho o campo CNJ" owner="propor_novo_acordo_page">
<kw name="Click Element" owner="SeleniumLibrary">
<msg time="2025-02-10T14:01:40.223908" level="INFO">Clicking element '//input[@aria-label='Digite o Número do CNJ']'.</msg>
<arg>//input[@aria-label='Digite o Número do CNJ']</arg>
<doc>Click the element identified by ``locator``.</doc>
<status status="PASS" start="2025-02-10T14:01:40.222853" elapsed="0.061929"/>
</kw>
<kw name="Input Text" owner="SeleniumLibrary">
<msg time="2025-02-10T14:01:40.284782" level="INFO">Typing text '0000354-80.2024.8.19.0001' into text field '//input[@aria-label='Digite o Número do CNJ']'.</msg>
<arg>locator=//input[@aria-label='Digite o Número do CNJ']</arg>
<arg>text=0000354-80.2024.8.19.0001</arg>
<doc>Types the given ``text`` into the text field identified by ``locator``.</doc>
<status status="PASS" start="2025-02-10T14:01:40.284782" elapsed="0.107567"/>
</kw>
<kw name="Capture Page Screenshot" owner="SeleniumLibrary">
<msg time="2025-02-10T14:01:40.494460" level="INFO" html="true">&lt;/td&gt;&lt;/tr&gt;&lt;tr&gt;&lt;td colspan="3"&gt;&lt;a href="selenium-screenshot-372.png"&gt;&lt;img src="selenium-screenshot-372.png" width="800px"&gt;&lt;/a&gt;</msg>
<doc>Takes a screenshot of the current page and embeds it into a log file.</doc>
<status status="PASS" start="2025-02-10T14:01:40.393336" elapsed="0.102124"/>
</kw>
<status status="PASS" start="2025-02-10T14:01:40.222853" elapsed="0.272607"/>
</kw>
<kw name="Então o campo é validado e preenchido" owner="propor_novo_acordo_page">
<kw name="Click Element" owner="SeleniumLibrary">
<msg time="2025-02-10T14:01:40.496460" level="INFO">Clicking element '//div[contains(@class,'fsCel')]'.</msg>
<arg>//div[contains(@class,'fsCel')]</arg>
<doc>Click the element identified by ``locator``.</doc>
<status status="PASS" start="2025-02-10T14:01:40.495460" elapsed="0.048794"/>
</kw>
<kw name="Capture Page Screenshot" owner="SeleniumLibrary">
<msg time="2025-02-10T14:01:40.651658" level="INFO" html="true">&lt;/td&gt;&lt;/tr&gt;&lt;tr&gt;&lt;td colspan="3"&gt;&lt;a href="selenium-screenshot-373.png"&gt;&lt;img src="selenium-screenshot-373.png" width="800px"&gt;&lt;/a&gt;</msg>
<doc>Takes a screenshot of the current page and embeds it into a log file.</doc>
<status status="PASS" start="2025-02-10T14:01:40.544254" elapsed="0.108299"/>
</kw>
<status status="PASS" start="2025-02-10T14:01:40.495460" elapsed="0.157093"/>
</kw>
<kw name="E clico no botão Adicionar Requerente" owner="propor_novo_acordo_page">
<kw name="Click Element" owner="SeleniumLibrary">
<msg time="2025-02-10T14:01:40.653554" level="INFO">Clicking element '//span[contains(.,'Adicionar Requerente')]'.</msg>
<arg>//span[contains(.,'Adicionar Requerente')]</arg>
<doc>Click the element identified by ``locator``.</doc>
<status status="PASS" start="2025-02-10T14:01:40.653554" elapsed="0.056082"/>
</kw>
<kw name="Capture Page Screenshot" owner="SeleniumLibrary">
<msg time="2025-02-10T14:01:40.815400" level="INFO" html="true">&lt;/td&gt;&lt;/tr&gt;&lt;tr&gt;&lt;td colspan="3"&gt;&lt;a href="selenium-screenshot-374.png"&gt;&lt;img src="selenium-screenshot-374.png" width="800px"&gt;&lt;/a&gt;</msg>
<doc>Takes a screenshot of the current page and embeds it into a log file.</doc>
<status status="PASS" start="2025-02-10T14:01:40.709636" elapsed="0.105764"/>
</kw>
<status status="PASS" start="2025-02-10T14:01:40.653554" elapsed="0.161846"/>
</kw>
<kw name="E preencho o campo CPF/CNPJ do Requerente" owner="propor_novo_acordo_page">
<kw name="Click Element" owner="SeleniumLibrary">
<msg time="2025-02-10T14:01:40.816400" level="INFO">Clicking element '//input[contains(@placeholder,'Digite o CPF ou CNPJ')]'.</msg>
<arg>//input[contains(@placeholder,'Digite o CPF ou CNPJ')]</arg>
<doc>Click the element identified by ``locator``.</doc>
<status status="PASS" start="2025-02-10T14:01:40.816400" elapsed="0.065146"/>
</kw>
<kw name="Input Text" owner="SeleniumLibrary">
<msg time="2025-02-10T14:01:40.881546" level="INFO">Typing text '054.565.490-42' into text field '//input[contains(@placeholder,'Digite o CPF ou CNPJ')]'.</msg>
<arg>locator=//input[contains(@placeholder,'Digite o CPF ou CNPJ')]</arg>
<arg>text=054.565.490-42</arg>
<doc>Types the given ``text`` into the text field identified by ``locator``.</doc>
<status status="PASS" start="2025-02-10T14:01:40.881546" elapsed="0.087093"/>
</kw>
<kw name="Capture Page Screenshot" owner="SeleniumLibrary">
<msg time="2025-02-10T14:01:41.079271" level="INFO" html="true">&lt;/td&gt;&lt;/tr&gt;&lt;tr&gt;&lt;td colspan="3"&gt;&lt;a href="selenium-screenshot-375.png"&gt;&lt;img src="selenium-screenshot-375.png" width="800px"&gt;&lt;/a&gt;</msg>
<doc>Takes a screenshot of the current page and embeds it into a log file.</doc>
<status status="PASS" start="2025-02-10T14:01:40.968639" elapsed="0.111521"/>
</kw>
<status status="PASS" start="2025-02-10T14:01:40.816400" elapsed="0.263760"/>
</kw>
<kw name="E preencho o campo Nome completo do Requerente" owner="propor_novo_acordo_page">
<kw name="Click Element" owner="SeleniumLibrary">
<msg time="2025-02-10T14:01:41.081422" level="INFO">Clicking element 'nome'.</msg>
<arg>locator=nome</arg>
<doc>Click the element identified by ``locator``.</doc>
<status status="PASS" start="2025-02-10T14:01:41.080160" elapsed="0.054617"/>
</kw>
<kw name="Input Text" owner="SeleniumLibrary">
<msg time="2025-02-10T14:01:41.137272" level="INFO">Typing text ' Representante automação 1' into text field 'nome'.</msg>
<arg>locator=nome</arg>
<arg>text= Representante automação 1</arg>
<doc>Types the given ``text`` into the text field identified by ``locator``.</doc>
<status status="PASS" start="2025-02-10T14:01:41.136261" elapsed="0.097087"/>
</kw>
<kw name="Capture Page Screenshot" owner="SeleniumLibrary">
<msg time="2025-02-10T14:01:41.350511" level="INFO" html="true">&lt;/td&gt;&lt;/tr&gt;&lt;tr&gt;&lt;td colspan="3"&gt;&lt;a href="selenium-screenshot-376.png"&gt;&lt;img src="selenium-screenshot-376.png" width="800px"&gt;&lt;/a&gt;</msg>
<doc>Takes a screenshot of the current page and embeds it into a log file.</doc>
<status status="PASS" start="2025-02-10T14:01:41.233348" elapsed="0.117163"/>
</kw>
<status status="PASS" start="2025-02-10T14:01:41.080160" elapsed="0.270351"/>
</kw>
<kw name="E preencho o campo Telefone do Requerente" owner="propor_novo_acordo_page">
<kw name="Click Element" owner="SeleniumLibrary">
<msg time="2025-02-10T14:01:41.352410" level="INFO">Clicking element '//input[@placeholder='Digite o Número do Telefone']'.</msg>
<arg>//input[@placeholder='Digite o Número do Telefone']</arg>
<doc>Click the element identified by ``locator``.</doc>
<status status="PASS" start="2025-02-10T14:01:41.352410" elapsed="0.054957"/>
</kw>
<kw name="Input Text" owner="SeleniumLibrary">
<msg time="2025-02-10T14:01:41.407367" level="INFO">Typing text '2198475632' into text field '//input[@placeholder='Digite o Número do Telefone']'.</msg>
<arg>locator=//input[@placeholder='Digite o Número do Telefone']</arg>
<arg>text=2198475632</arg>
<doc>Types the given ``text`` into the text field identified by ``locator``.</doc>
<status status="PASS" start="2025-02-10T14:01:41.407367" elapsed="0.071864"/>
</kw>
<kw name="Capture Page Screenshot" owner="SeleniumLibrary">
<msg time="2025-02-10T14:01:41.618285" level="INFO" html="true">&lt;/td&gt;&lt;/tr&gt;&lt;tr&gt;&lt;td colspan="3"&gt;&lt;a href="selenium-screenshot-377.png"&gt;&lt;img src="selenium-screenshot-377.png" width="800px"&gt;&lt;/a&gt;</msg>
<doc>Takes a screenshot of the current page and embeds it into a log file.</doc>
<status status="PASS" start="2025-02-10T14:01:41.480315" elapsed="0.137970"/>
</kw>
<status status="PASS" start="2025-02-10T14:01:41.351443" elapsed="0.266842"/>
</kw>
<kw name="E preencho o campo e-mail do Requerente" owner="propor_novo_acordo_page">
<kw name="Click Element" owner="SeleniumLibrary">
<msg time="2025-02-10T14:01:41.620289" level="INFO">Clicking element '(//input[@type='email'])[1]'.</msg>
<arg>(//input[@type='email'])[1]</arg>
<doc>Click the element identified by ``locator``.</doc>
<status status="PASS" start="2025-02-10T14:01:41.620289" elapsed="0.052298"/>
</kw>
<kw name="Input Text" owner="SeleniumLibrary">
<msg time="2025-02-10T14:01:41.673584" level="INFO">Typing text 'emailreq@teste.com' into text field '(//input[@type='email'])[1]'.</msg>
<arg>locator=(//input[@type='email'])[1]</arg>
<arg>text=emailreq@teste.com</arg>
<doc>Types the given ``text`` into the text field identified by ``locator``.</doc>
<status status="PASS" start="2025-02-10T14:01:41.673584" elapsed="0.073317"/>
</kw>
<kw name="Capture Page Screenshot" owner="SeleniumLibrary">
<msg time="2025-02-10T14:01:41.866965" level="INFO" html="true">&lt;/td&gt;&lt;/tr&gt;&lt;tr&gt;&lt;td colspan="3"&gt;&lt;a href="selenium-screenshot-378.png"&gt;&lt;img src="selenium-screenshot-378.png" width="800px"&gt;&lt;/a&gt;</msg>
<doc>Takes a screenshot of the current page and embeds it into a log file.</doc>
<status status="PASS" start="2025-02-10T14:01:41.746901" elapsed="0.120064"/>
</kw>
<status status="PASS" start="2025-02-10T14:01:41.619310" elapsed="0.247655"/>
</kw>
<kw name="E clico no botão Salvar Requerente" owner="propor_novo_acordo_page">
<kw name="Click Element" owner="SeleniumLibrary">
<msg time="2025-02-10T14:01:41.867964" level="INFO">Clicking element '//button[contains(.,'Salvar Requerente')]'.</msg>
<arg>//button[contains(.,'Salvar Requerente')]</arg>
<doc>Click the element identified by ``locator``.</doc>
<status status="PASS" start="2025-02-10T14:01:41.867964" elapsed="0.061670"/>
</kw>
<kw name="Capture Page Screenshot" owner="SeleniumLibrary">
<msg time="2025-02-10T14:01:42.015979" level="INFO" html="true">&lt;/td&gt;&lt;/tr&gt;&lt;tr&gt;&lt;td colspan="3"&gt;&lt;a href="selenium-screenshot-379.png"&gt;&lt;img src="selenium-screenshot-379.png" width="800px"&gt;&lt;/a&gt;</msg>
<doc>Takes a screenshot of the current page and embeds it into a log file.</doc>
<status status="PASS" start="2025-02-10T14:01:41.929634" elapsed="0.086345"/>
</kw>
<status status="PASS" start="2025-02-10T14:01:41.867964" elapsed="0.148015"/>
</kw>
<kw name=" Então o sistema salva os dados do Requerente" owner="propor_novo_acordo_page">
<kw name="Click Element" owner="SeleniumLibrary">
<msg time="2025-02-10T14:01:42.017939" level="INFO">Clicking element '//div[contains(@class,'fsCel')]'.</msg>
<arg>//div[contains(@class,'fsCel')]</arg>
<doc>Click the element identified by ``locator``.</doc>
<status status="PASS" start="2025-02-10T14:01:42.016937" elapsed="0.048007"/>
</kw>
<kw name="Capture Page Screenshot" owner="SeleniumLibrary">
<msg time="2025-02-10T14:01:42.163236" level="INFO" html="true">&lt;/td&gt;&lt;/tr&gt;&lt;tr&gt;&lt;td colspan="3"&gt;&lt;a href="selenium-screenshot-380.png"&gt;&lt;img src="selenium-screenshot-380.png" width="800px"&gt;&lt;/a&gt;</msg>
<doc>Takes a screenshot of the current page and embeds it into a log file.</doc>
<status status="PASS" start="2025-02-10T14:01:42.064944" elapsed="0.098292"/>
</kw>
<status status="PASS" start="2025-02-10T14:01:42.016937" elapsed="0.146299"/>
</kw>
<kw name="E clico no botão Adicionar Representante" owner="propor_novo_acordo_page">
<kw name="Click Element" owner="SeleniumLibrary">
<msg time="2025-02-10T14:01:42.164235" level="INFO">Clicking element '//span[contains(.,'Adicionar Representante')]'.</msg>
<arg>//span[contains(.,'Adicionar Representante')]</arg>
<doc>Click the element identified by ``locator``.</doc>
<status status="PASS" start="2025-02-10T14:01:42.164235" elapsed="0.049342"/>
</kw>
<kw name="Capture Page Screenshot" owner="SeleniumLibrary">
<msg time="2025-02-10T14:01:42.328908" level="INFO" html="true">&lt;/td&gt;&lt;/tr&gt;&lt;tr&gt;&lt;td colspan="3"&gt;&lt;a href="selenium-screenshot-381.png"&gt;&lt;img src="selenium-screenshot-381.png" width="800px"&gt;&lt;/a&gt;</msg>
<doc>Takes a screenshot of the current page and embeds it into a log file.</doc>
<status status="PASS" start="2025-02-10T14:01:42.213577" elapsed="0.115331"/>
</kw>
<status status="PASS" start="2025-02-10T14:01:42.164235" elapsed="0.164673"/>
</kw>
<kw name=" E preencho o campo Exposição Fática do Caso" owner="propor_novo_acordo_page">
<kw name="Click Element" owner="SeleniumLibrary">
<msg time="2025-02-10T14:01:42.329914" level="INFO">Clicking element '//div[contains(@role,'textbox')]'.</msg>
<arg>//div[contains(@role,'textbox')]</arg>
<doc>Click the element identified by ``locator``.</doc>
<status status="PASS" start="2025-02-10T14:01:42.329914" elapsed="0.055788"/>
</kw>
<kw name="Input Text" owner="SeleniumLibrary">
<msg time="2025-02-10T14:01:42.387023" level="INFO">Typing text 'Preenchimento do campo Exposição Fática do Caso' into text field '//div[contains(@role,'textbox')]'.</msg>
<arg>locator=//div[contains(@role,'textbox')]</arg>
<arg>text=Preenchimento do campo Exposição Fática do Caso</arg>
<doc>Types the given ``text`` into the text field identified by ``locator``.</doc>
<status status="PASS" start="2025-02-10T14:01:42.385702" elapsed="0.285734"/>
</kw>
<kw name="Capture Page Screenshot" owner="SeleniumLibrary">
<msg time="2025-02-10T14:01:42.750852" level="INFO" html="true">&lt;/td&gt;&lt;/tr&gt;&lt;tr&gt;&lt;td colspan="3"&gt;&lt;a href="selenium-screenshot-382.png"&gt;&lt;img src="selenium-screenshot-382.png" width="800px"&gt;&lt;/a&gt;</msg>
<doc>Takes a screenshot of the current page and embeds it into a log file.</doc>
<status status="PASS" start="2025-02-10T14:01:42.671436" elapsed="0.080414"/>
</kw>
<status status="PASS" start="2025-02-10T14:01:42.329914" elapsed="0.421936"/>
</kw>
<kw name="E preencho o campo CPF/CNPJ do Representante" owner="propor_novo_acordo_page">
<kw name="Click Element" owner="SeleniumLibrary">
<msg time="2025-02-10T14:01:42.752902" level="INFO">Clicking element '(//input[@placeholder='Digite o CPF ou CNPJ'])'.</msg>
<arg>(//input[@placeholder='Digite o CPF ou CNPJ'])</arg>
<doc>Click the element identified by ``locator``.</doc>
<status status="PASS" start="2025-02-10T14:01:42.752902" elapsed="0.063502"/>
</kw>
<kw name="Input Text" owner="SeleniumLibrary">
<msg time="2025-02-10T14:01:42.817408" level="INFO">Typing text '165.119.500-50' into text field '(//input[@placeholder='Digite o CPF ou CNPJ'])'.</msg>
<arg>locator=(//input[@placeholder='Digite o CPF ou CNPJ'])</arg>
<arg>text=165.119.500-50</arg>
<doc>Types the given ``text`` into the text field identified by ``locator``.</doc>
<status status="PASS" start="2025-02-10T14:01:42.817408" elapsed="0.063612"/>
</kw>
<kw name="Capture Page Screenshot" owner="SeleniumLibrary">
<msg time="2025-02-10T14:01:42.972863" level="INFO" html="true">&lt;/td&gt;&lt;/tr&gt;&lt;tr&gt;&lt;td colspan="3"&gt;&lt;a href="selenium-screenshot-383.png"&gt;&lt;img src="selenium-screenshot-383.png" width="800px"&gt;&lt;/a&gt;</msg>
<doc>Takes a screenshot of the current page and embeds it into a log file.</doc>
<status status="PASS" start="2025-02-10T14:01:42.881020" elapsed="0.092844"/>
</kw>
<status status="PASS" start="2025-02-10T14:01:42.752902" elapsed="0.220962"/>
</kw>
<kw name="E preencho o campo Nome completo do Representante" owner="propor_novo_acordo_page">
<kw name="Click Element" owner="SeleniumLibrary">
<msg time="2025-02-10T14:01:42.974864" level="INFO">Clicking element 'nome'.</msg>
<arg>nome</arg>
<doc>Click the element identified by ``locator``.</doc>
<status status="PASS" start="2025-02-10T14:01:42.973864" elapsed="0.046542"/>
</kw>
<kw name="Input Text" owner="SeleniumLibrary">
<msg time="2025-02-10T14:01:43.021719" level="INFO">Typing text 'Representante automação 1' into text field 'nome'.</msg>
<arg>locator=nome</arg>
<arg>text=Representante automação 1</arg>
<doc>Types the given ``text`` into the text field identified by ``locator``.</doc>
<status status="PASS" start="2025-02-10T14:01:43.021719" elapsed="0.063436"/>
</kw>
<kw name="Capture Page Screenshot" owner="SeleniumLibrary">
<msg time="2025-02-10T14:01:43.187623" level="INFO" html="true">&lt;/td&gt;&lt;/tr&gt;&lt;tr&gt;&lt;td colspan="3"&gt;&lt;a href="selenium-screenshot-384.png"&gt;&lt;img src="selenium-screenshot-384.png" width="800px"&gt;&lt;/a&gt;</msg>
<doc>Takes a screenshot of the current page and embeds it into a log file.</doc>
<status status="PASS" start="2025-02-10T14:01:43.085155" elapsed="0.103468"/>
</kw>
<status status="PASS" start="2025-02-10T14:01:42.973864" elapsed="0.214759"/>
</kw>
<kw name="E preencho o campo OAB do Representante" owner="propor_novo_acordo_page">
<kw name="Click Element" owner="SeleniumLibrary">
<msg time="2025-02-10T14:01:43.190625" level="INFO">Clicking element '//input[@placeholder='Digite o Número da OAB']'.</msg>
<arg>//input[@placeholder='Digite o Número da OAB']</arg>
<doc>Click the element identified by ``locator``.</doc>
<status status="PASS" start="2025-02-10T14:01:43.190625" elapsed="0.072568"/>
</kw>
<kw name="Input Text" owner="SeleniumLibrary">
<msg time="2025-02-10T14:01:43.265189" level="INFO">Typing text 'RJ712223' into text field '//input[@placeholder='Digite o Número da OAB']'.</msg>
<arg>locator=//input[@placeholder='Digite o Número da OAB']</arg>
<arg>text=RJ712223</arg>
<doc>Types the given ``text`` into the text field identified by ``locator``.</doc>
<status status="PASS" start="2025-02-10T14:01:43.264192" elapsed="0.080320"/>
</kw>
<kw name="Capture Page Screenshot" owner="SeleniumLibrary">
<msg time="2025-02-10T14:01:43.462896" level="INFO" html="true">&lt;/td&gt;&lt;/tr&gt;&lt;tr&gt;&lt;td colspan="3"&gt;&lt;a href="selenium-screenshot-385.png"&gt;&lt;img src="selenium-screenshot-385.png" width="800px"&gt;&lt;/a&gt;</msg>
<doc>Takes a screenshot of the current page and embeds it into a log file.</doc>
<status status="PASS" start="2025-02-10T14:01:43.344512" elapsed="0.119266"/>
</kw>
<status status="PASS" start="2025-02-10T14:01:43.189621" elapsed="0.274157"/>
</kw>
<kw name="E preencho o campo Telefone do Representante" owner="propor_novo_acordo_page">
<kw name="Click Element" owner="SeleniumLibrary">
<msg time="2025-02-10T14:01:43.464778" level="INFO">Clicking element '//input[contains(@placeholder,'Digite o Número do Telefone')]'.</msg>
<arg>//input[contains(@placeholder,'Digite o Número do Telefone')]</arg>
<doc>Click the element identified by ``locator``.</doc>
<status status="PASS" start="2025-02-10T14:01:43.464778" elapsed="0.047957"/>
</kw>
<kw name="Input Text" owner="SeleniumLibrary">
<msg time="2025-02-10T14:01:43.514740" level="INFO">Typing text '2195648796' into text field '//input[contains(@placeholder,'Digite o Número do Telefone')]'.</msg>
<arg>locator=//input[contains(@placeholder,'Digite o Número do Telefone')]</arg>
<arg>text=2195648796</arg>
<doc>Types the given ``text`` into the text field identified by ``locator``.</doc>
<status status="PASS" start="2025-02-10T14:01:43.513732" elapsed="0.059464"/>
</kw>
<kw name="Capture Page Screenshot" owner="SeleniumLibrary">
<msg time="2025-02-10T14:01:43.682108" level="INFO" html="true">&lt;/td&gt;&lt;/tr&gt;&lt;tr&gt;&lt;td colspan="3"&gt;&lt;a href="selenium-screenshot-386.png"&gt;&lt;img src="selenium-screenshot-386.png" width="800px"&gt;&lt;/a&gt;</msg>
<doc>Takes a screenshot of the current page and embeds it into a log file.</doc>
<status status="PASS" start="2025-02-10T14:01:43.574180" elapsed="0.107928"/>
</kw>
<status status="PASS" start="2025-02-10T14:01:43.464778" elapsed="0.217330"/>
</kw>
<kw name="E preencho o campo e-mail do Representante" owner="propor_novo_acordo_page">
<kw name="Click Element" owner="SeleniumLibrary">
<msg time="2025-02-10T14:01:43.684110" level="INFO">Clicking element '(//input[@type='email'])[2]'.</msg>
<msg time="2025-02-10T14:01:43.794244" level="INFO" html="true">&lt;/td&gt;&lt;/tr&gt;&lt;tr&gt;&lt;td colspan="3"&gt;&lt;a href="selenium-screenshot-387.png"&gt;&lt;img src="selenium-screenshot-387.png" width="800px"&gt;&lt;/a&gt;</msg>
<msg time="2025-02-10T14:01:43.794244" level="FAIL">Element with locator '(//input[@type='email'])[2]' not found.</msg>
<arg>(//input[@type='email'])[2]</arg>
<doc>Click the element identified by ``locator``.</doc>
<status status="FAIL" start="2025-02-10T14:01:43.684110" elapsed="0.112133">Element with locator '(//input[@type='email'])[2]' not found.</status>
</kw>
<kw name="Input Text" owner="SeleniumLibrary">
<arg>locator=(//input[@type='email'])[2]</arg>
<arg>text=emailrepe@email.com</arg>
<doc>Types the given ``text`` into the text field identified by ``locator``.</doc>
<status status="NOT RUN" start="2025-02-10T14:01:43.797244" elapsed="0.000000"/>
</kw>
<kw name="Capture Page Screenshot" owner="SeleniumLibrary">
<doc>Takes a screenshot of the current page and embeds it into a log file.</doc>
<status status="NOT RUN" start="2025-02-10T14:01:43.797244" elapsed="0.000000"/>
</kw>
<status status="FAIL" start="2025-02-10T14:01:43.683108" elapsed="0.114136">Element with locator '(//input[@type='email'])[2]' not found.</status>
</kw>
<kw name="E clico no botão Salvar Representante" owner="propor_novo_acordo_page">
<status status="NOT RUN" start="2025-02-10T14:01:43.798245" elapsed="0.000000"/>
</kw>
<kw name="Então o sistema salva os dados do Representante" owner="propor_novo_acordo_page">
<status status="NOT RUN" start="2025-02-10T14:01:43.798245" elapsed="0.001000"/>
</kw>
<kw name="E clico no botão Adicionar Requerido" owner="propor_novo_acordo_page">
<status status="NOT RUN" start="2025-02-10T14:01:43.799245" elapsed="0.000000"/>
</kw>
<kw name="E preencho o campo Ente/Órgão Público Estadual?como não" owner="propor_novo_acordo_page">
<status status="NOT RUN" start="2025-02-10T14:01:43.799245" elapsed="0.000998"/>
</kw>
<kw name="E preencho o campo CPF/CNPJ do Requerido" owner="propor_novo_acordo_page">
<status status="NOT RUN" start="2025-02-10T14:01:43.800243" elapsed="0.000000"/>
</kw>
<kw name="E preencho o campo Nome completo do Requerido" owner="propor_novo_acordo_page">
<status status="NOT RUN" start="2025-02-10T14:01:43.801242" elapsed="0.000000"/>
</kw>
<kw name="E preencho o campo Telefone do Requerido" owner="propor_novo_acordo_page">
<status status="NOT RUN" start="2025-02-10T14:01:43.801242" elapsed="0.000000"/>
</kw>
<kw name="E preencho o campo e-mail do Requerido" owner="propor_novo_acordo_page">
<status status="NOT RUN" start="2025-02-10T14:01:43.801242" elapsed="0.000000"/>
</kw>
<kw name="E clico no botão Salvar Requerido" owner="propor_novo_acordo_page">
<status status="NOT RUN" start="2025-02-10T14:01:43.802244" elapsed="0.000000"/>
</kw>
<kw name="Então o sistema salva os dados do Requerido" owner="propor_novo_acordo_page">
<status status="NOT RUN" start="2025-02-10T14:01:43.802244" elapsed="0.000000"/>
</kw>
<kw name="E preencho o campo Tipo de Documento" owner="propor_novo_acordo_page">
<status status="NOT RUN" start="2025-02-10T14:01:43.803244" elapsed="0.000000"/>
</kw>
<kw name="E preencho o campo Título do Documento" owner="propor_novo_acordo_page">
<status status="NOT RUN" start="2025-02-10T14:01:43.803244" elapsed="0.000000"/>
</kw>
<kw name="E faço o upload de um arquivo" owner="propor_novo_acordo_page">
<status status="NOT RUN" start="2025-02-10T14:01:43.804243" elapsed="0.000000"/>
</kw>
<kw name="E clico no botão Inserir Documento" owner="propor_novo_acordo_page">
<status status="NOT RUN" start="2025-02-10T14:01:43.804243" elapsed="0.000000"/>
</kw>
<kw name="Então o documento é adicionado" owner="propor_novo_acordo_page">
<status status="NOT RUN" start="2025-02-10T14:01:43.804243" elapsed="0.000000"/>
</kw>
<kw name=" E clico no botão Salvar e Submeter à CASC" owner="propor_novo_acordo_page">
<status status="NOT RUN" start="2025-02-10T14:01:43.805748" elapsed="0.000000"/>
</kw>
<status status="FAIL" start="2025-02-10T14:01:36.666478" elapsed="7.139270">Element with locator '(//input[@type='email'])[2]' not found.</status>
</test>
<doc>Essa suite testa a funcionalidade Propor Novo Acordo</doc>
<status status="FAIL" start="2025-02-10T14:01:36.498517" elapsed="7.308236"/>
</suite>
<statistics>
<total>
<stat pass="0" fail="1" skip="0">All Tests</stat>
</total>
<tag>
</tag>
<suite>
<stat pass="0" fail="1" skip="0" id="s1" name="Propor Novo Acordo Testes">Propor Novo Acordo Testes</stat>
</suite>
</statistics>
<errors>
</errors>
</robot>
