<?xml version="1.0" encoding="UTF-8"?>
<robot generator="Robot 7.0.1 (Python 3.12.4 on win32)" generated="2024-09-30T14:20:10.248197" rpa="false" schemaversion="5">
<suite id="s1" name="Test" source="C:\Robot\web\test">
<suite id="s1-s1" name="Listar Acordos Testes" source="C:\Robot\web\test\listar_acordos_testes.robot">
<test id="s1-s1-t1" name="Caso de teste 01 - Validar tela inicial da lista de acordos" line="12">
<kw name="Abrir o navegador" owner="listar_acordos_page" type="SETUP">
<kw name="Open Browser" owner="SeleniumLibrary">
<msg time="2024-09-30T14:20:10.487285" level="INFO">Opening browser 'chrome' to base url 'None'.</msg>
<arg>browser=${BROWSER}</arg>
<doc>Opens a new browser instance to the optional ``url``.</doc>
<status status="PASS" start="2024-09-30T14:20:10.487285" elapsed="2.393607"/>
</kw>
<kw name="Maximize Browser Window" owner="SeleniumLibrary">
<doc>Maximizes current browser window.</doc>
<status status="PASS" start="2024-09-30T14:20:12.881892" elapsed="0.049116"/>
</kw>
<status status="PASS" start="2024-09-30T14:20:10.486288" elapsed="2.444720"/>
</kw>
<kw name="DADO que o usuário está logado no sistema de acordos" owner="listar_acordos_page">
<kw name="Go To" owner="SeleniumLibrary">
<msg time="2024-09-30T14:20:12.933981" level="INFO">Opening url 'http://autocomposicao-frontend-dev.apps.ocppge.in.pge.rj.gov.br/acordos'</msg>
<arg>url=${URL}</arg>
<doc>Navigates the current browser window to the provided ``url``.</doc>
<status status="PASS" start="2024-09-30T14:20:12.932988" elapsed="0.738547"/>
</kw>
<status status="PASS" start="2024-09-30T14:20:12.932988" elapsed="0.738547"/>
</kw>
<kw name="Então ele visualiza o título da página" owner="listar_acordos_page">
<kw name="Page Should Contain" owner="SeleniumLibrary">
<msg time="2024-09-30T14:20:13.716858" level="INFO">Current page contains text 'Câmara Administrativa de Solução de Controvérsias - CASC'.</msg>
<arg>text=Câmara Administrativa de Solução de Controvérsias - CASC</arg>
<doc>Verifies that current page contains ``text``.</doc>
<status status="PASS" start="2024-09-30T14:20:13.671535" elapsed="0.045323"/>
</kw>
<status status="PASS" start="2024-09-30T14:20:13.671535" elapsed="0.046319"/>
</kw>
<kw name="Run Keywords" owner="BuiltIn" type="TEARDOWN">
<kw name="Capture Page Screenshot" owner="SeleniumLibrary">
<msg time="2024-09-30T14:20:13.914893" level="INFO" html="true">&lt;/td&gt;&lt;/tr&gt;&lt;tr&gt;&lt;td colspan="3"&gt;&lt;a href="selenium-screenshot-30.png"&gt;&lt;img src="selenium-screenshot-30.png" width="800px"&gt;&lt;/a&gt;</msg>
<doc>Takes a screenshot of the current page and embeds it into a log file.</doc>
<status status="PASS" start="2024-09-30T14:20:13.718853" elapsed="0.196040"/>
</kw>
<kw name="Close Browser" owner="SeleniumLibrary">
<doc>Closes the current browser.</doc>
<status status="PASS" start="2024-09-30T14:20:13.914893" elapsed="2.217719"/>
</kw>
<arg>Capture Page Screenshot</arg>
<arg>Close Browser</arg>
<doc>Executes all the given keywords in a sequence.</doc>
<status status="PASS" start="2024-09-30T14:20:13.718853" elapsed="2.414795"/>
</kw>
<status status="PASS" start="2024-09-30T14:20:10.486288" elapsed="5.647360"/>
</test>
<test id="s1-s1-t2" name="Caso de teste 02 - Buscar por número do protocolo" line="16">
<kw name="Abrir o navegador" owner="listar_acordos_page" type="SETUP">
<kw name="Open Browser" owner="SeleniumLibrary">
<msg time="2024-09-30T14:20:16.140637" level="INFO">Opening browser 'chrome' to base url 'None'.</msg>
<arg>browser=${BROWSER}</arg>
<doc>Opens a new browser instance to the optional ``url``.</doc>
<status status="PASS" start="2024-09-30T14:20:16.140637" elapsed="1.615239"/>
</kw>
<kw name="Maximize Browser Window" owner="SeleniumLibrary">
<doc>Maximizes current browser window.</doc>
<status status="PASS" start="2024-09-30T14:20:17.755876" elapsed="0.037987"/>
</kw>
<status status="PASS" start="2024-09-30T14:20:16.139636" elapsed="1.654227"/>
</kw>
<kw name="DADO que o usuário está logado no sistema de acordos" owner="listar_acordos_page">
<kw name="Go To" owner="SeleniumLibrary">
<msg time="2024-09-30T14:20:17.796143" level="INFO">Opening url 'http://autocomposicao-frontend-dev.apps.ocppge.in.pge.rj.gov.br/acordos'</msg>
<arg>url=${URL}</arg>
<doc>Navigates the current browser window to the provided ``url``.</doc>
<status status="PASS" start="2024-09-30T14:20:17.795131" elapsed="0.540398"/>
</kw>
<status status="PASS" start="2024-09-30T14:20:17.795131" elapsed="0.540398"/>
</kw>
<kw name="E preenche o campo &quot;Buscar por&quot; com um número de protocolo" owner="listar_acordos_page">
<kw name="Click Element" owner="SeleniumLibrary">
<msg time="2024-09-30T14:20:18.336529" level="INFO">Clicking element '//input[contains(@class,'form-control')]'.</msg>
<arg>${INPUT_BUSCA}</arg>
<doc>Click the element identified by ``locator``.</doc>
<status status="PASS" start="2024-09-30T14:20:18.335529" elapsed="0.153843"/>
</kw>
<kw name="Input Text" owner="SeleniumLibrary">
<msg time="2024-09-30T14:20:18.490373" level="INFO">Typing text '0001' into text field '//input[contains(@class,'form-control')]'.</msg>
<arg>${INPUT_BUSCA}</arg>
<arg>0001</arg>
<doc>Types the given ``text`` into the text field identified by ``locator``.</doc>
<status status="PASS" start="2024-09-30T14:20:18.489372" elapsed="0.083233"/>
</kw>
<status status="PASS" start="2024-09-30T14:20:18.335529" elapsed="0.237076"/>
</kw>
<kw name="E clica no botão Buscar" owner="listar_acordos_page">
<kw name="Click Button" owner="SeleniumLibrary">
<msg time="2024-09-30T14:20:18.573625" level="INFO">Clicking button '//button[contains(.,'Buscar')]'.</msg>
<arg>${CLICK_BUTON}</arg>
<doc>Clicks the button identified by ``locator``.</doc>
<status status="PASS" start="2024-09-30T14:20:18.572605" elapsed="0.098264"/>
</kw>
<status status="PASS" start="2024-09-30T14:20:18.572605" elapsed="0.098264"/>
</kw>
<kw name="Então o sistema filtra os resultados pelo número informado" owner="listar_acordos_page">
<kw name="Wait Until Element Is Visible" owner="SeleniumLibrary">
<arg>//a[contains(.,'0001')]</arg>
<doc>Waits until the element ``locator`` is visible.</doc>
<status status="PASS" start="2024-09-30T14:20:18.671869" elapsed="0.323643"/>
</kw>
<kw name="Element Should Be Visible" owner="SeleniumLibrary">
<msg time="2024-09-30T14:20:19.014511" level="INFO">Element '//a[contains(.,'0001')]' is displayed.</msg>
<arg>locator=//a[contains(.,'0001')]</arg>
<doc>Verifies that the element identified by ``locator`` is visible.</doc>
<status status="PASS" start="2024-09-30T14:20:18.995512" elapsed="0.018999"/>
</kw>
<status status="PASS" start="2024-09-30T14:20:18.670869" elapsed="0.343642"/>
</kw>
<kw name="Run Keywords" owner="BuiltIn" type="TEARDOWN">
<kw name="Capture Page Screenshot" owner="SeleniumLibrary">
<msg time="2024-09-30T14:20:19.133208" level="INFO" html="true">&lt;/td&gt;&lt;/tr&gt;&lt;tr&gt;&lt;td colspan="3"&gt;&lt;a href="selenium-screenshot-31.png"&gt;&lt;img src="selenium-screenshot-31.png" width="800px"&gt;&lt;/a&gt;</msg>
<doc>Takes a screenshot of the current page and embeds it into a log file.</doc>
<status status="PASS" start="2024-09-30T14:20:19.015512" elapsed="0.117696"/>
</kw>
<kw name="Close Browser" owner="SeleniumLibrary">
<doc>Closes the current browser.</doc>
<status status="PASS" start="2024-09-30T14:20:19.133208" elapsed="2.233321"/>
</kw>
<arg>Capture Page Screenshot</arg>
<arg>Close Browser</arg>
<doc>Executes all the given keywords in a sequence.</doc>
<status status="PASS" start="2024-09-30T14:20:19.015512" elapsed="2.351851"/>
</kw>
<status status="PASS" start="2024-09-30T14:20:16.138635" elapsed="5.228728"/>
</test>
<test id="s1-s1-t3" name="Caso de teste 03 - Buscar por status &quot;Pedido recebido pela CASC&quot;" line="22">
<kw name="Abrir o navegador" owner="listar_acordos_page" type="SETUP">
<kw name="Open Browser" owner="SeleniumLibrary">
<msg time="2024-09-30T14:20:21.371355" level="INFO">Opening browser 'chrome' to base url 'None'.</msg>
<arg>browser=${BROWSER}</arg>
<doc>Opens a new browser instance to the optional ``url``.</doc>
<status status="PASS" start="2024-09-30T14:20:21.371355" elapsed="1.612895"/>
</kw>
<kw name="Maximize Browser Window" owner="SeleniumLibrary">
<doc>Maximizes current browser window.</doc>
<status status="PASS" start="2024-09-30T14:20:22.984250" elapsed="0.044145"/>
</kw>
<status status="PASS" start="2024-09-30T14:20:21.370358" elapsed="1.658037"/>
</kw>
<kw name="DADO que o usuário está logado no sistema de acordos" owner="listar_acordos_page">
<kw name="Go To" owner="SeleniumLibrary">
<msg time="2024-09-30T14:20:23.029395" level="INFO">Opening url 'http://autocomposicao-frontend-dev.apps.ocppge.in.pge.rj.gov.br/acordos'</msg>
<arg>url=${URL}</arg>
<doc>Navigates the current browser window to the provided ``url``.</doc>
<status status="PASS" start="2024-09-30T14:20:23.029395" elapsed="0.546403"/>
</kw>
<status status="PASS" start="2024-09-30T14:20:23.029395" elapsed="0.546403"/>
</kw>
<kw name="E seleciona a opção &quot;Pedido recebido pela CASC&quot; no campo &quot;Status&quot;" owner="listar_acordos_page">
<kw name="Click Element" owner="SeleniumLibrary">
<msg time="2024-09-30T14:20:23.577796" level="INFO">Clicking element '//option[@value='1'][contains(.,'Pedido recebido pela CASC')]'.</msg>
<arg>locator=//option[@value='1'][contains(.,'Pedido recebido pela CASC')]</arg>
<doc>Click the element identified by ``locator``.</doc>
<status status="PASS" start="2024-09-30T14:20:23.577796" elapsed="0.111095"/>
</kw>
<status status="PASS" start="2024-09-30T14:20:23.576797" elapsed="0.113093"/>
</kw>
<kw name="E clica no botão Buscar" owner="listar_acordos_page">
<kw name="Click Button" owner="SeleniumLibrary">
<msg time="2024-09-30T14:20:23.691055" level="INFO">Clicking button '//button[contains(.,'Buscar')]'.</msg>
<arg>${CLICK_BUTON}</arg>
<doc>Clicks the button identified by ``locator``.</doc>
<status status="PASS" start="2024-09-30T14:20:23.689890" elapsed="0.102482"/>
</kw>
<status status="PASS" start="2024-09-30T14:20:23.689890" elapsed="0.102482"/>
</kw>
<kw name="Então o sistema atualiza a lista com o registro de status 1" owner="listar_acordos_page">
<kw name="Wait Until Element Contains" owner="SeleniumLibrary">
<arg>locator=//span[@class='status-text d-block text-truncate'][contains(.,'Pedido recebido pela CASC')]</arg>
<arg>text=Pedido recebido pela CASC</arg>
<doc>Waits until the element ``locator`` contains ``text``.</doc>
<status status="PASS" start="2024-09-30T14:20:23.794367" elapsed="0.235705"/>
</kw>
<kw name="Page Should Contain Element" owner="SeleniumLibrary">
<msg time="2024-09-30T14:20:24.040424" level="INFO">Current page contains element '(//span[@class='status-text d-block text-truncate'][contains(.,'Pedido recebido pela CASC')])[1]'.</msg>
<arg>${STATUS_1}</arg>
<doc>Verifies that element ``locator`` is found on the current page.</doc>
<status status="PASS" start="2024-09-30T14:20:24.031105" elapsed="0.010341"/>
</kw>
<status status="PASS" start="2024-09-30T14:20:23.793360" elapsed="0.248086"/>
</kw>
<kw name="Run Keywords" owner="BuiltIn" type="TEARDOWN">
<kw name="Capture Page Screenshot" owner="SeleniumLibrary">
<msg time="2024-09-30T14:20:24.194399" level="INFO" html="true">&lt;/td&gt;&lt;/tr&gt;&lt;tr&gt;&lt;td colspan="3"&gt;&lt;a href="selenium-screenshot-32.png"&gt;&lt;img src="selenium-screenshot-32.png" width="800px"&gt;&lt;/a&gt;</msg>
<doc>Takes a screenshot of the current page and embeds it into a log file.</doc>
<status status="PASS" start="2024-09-30T14:20:24.041446" elapsed="0.152953"/>
</kw>
<kw name="Close Browser" owner="SeleniumLibrary">
<doc>Closes the current browser.</doc>
<status status="PASS" start="2024-09-30T14:20:24.194399" elapsed="2.153636"/>
</kw>
<arg>Capture Page Screenshot</arg>
<arg>Close Browser</arg>
<doc>Executes all the given keywords in a sequence.</doc>
<status status="PASS" start="2024-09-30T14:20:24.041446" elapsed="2.306589"/>
</kw>
<status status="PASS" start="2024-09-30T14:20:21.369358" elapsed="4.979677"/>
</test>
<test id="s1-s1-t4" name="Caso de teste 04 - Buscar por status &quot;Em análise de admissibilidade&quot;" line="28">
<kw name="Abrir o navegador" owner="listar_acordos_page" type="SETUP">
<kw name="Open Browser" owner="SeleniumLibrary">
<msg time="2024-09-30T14:20:26.354385" level="INFO">Opening browser 'chrome' to base url 'None'.</msg>
<arg>browser=${BROWSER}</arg>
<doc>Opens a new browser instance to the optional ``url``.</doc>
<status status="PASS" start="2024-09-30T14:20:26.353278" elapsed="1.577128"/>
</kw>
<kw name="Maximize Browser Window" owner="SeleniumLibrary">
<doc>Maximizes current browser window.</doc>
<status status="PASS" start="2024-09-30T14:20:27.931430" elapsed="0.035988"/>
</kw>
<status status="PASS" start="2024-09-30T14:20:26.353278" elapsed="1.615172"/>
</kw>
<kw name="DADO que o usuário está logado no sistema de acordos" owner="listar_acordos_page">
<kw name="Go To" owner="SeleniumLibrary">
<msg time="2024-09-30T14:20:27.969425" level="INFO">Opening url 'http://autocomposicao-frontend-dev.apps.ocppge.in.pge.rj.gov.br/acordos'</msg>
<arg>url=${URL}</arg>
<doc>Navigates the current browser window to the provided ``url``.</doc>
<status status="PASS" start="2024-09-30T14:20:27.969425" elapsed="1.229179"/>
</kw>
<status status="PASS" start="2024-09-30T14:20:27.968450" elapsed="1.230154"/>
</kw>
<kw name="E seleciona a opção &quot;Em análise de admissibilidade&quot; no campo &quot;Status&quot;" owner="listar_acordos_page">
<kw name="Click Element" owner="SeleniumLibrary">
<msg time="2024-09-30T14:20:29.199599" level="INFO">Clicking element '//option[@value='2'][contains(.,'Em análise de admissibilidade')]'.</msg>
<arg>locator=//option[@value='2'][contains(.,'Em análise de admissibilidade')]</arg>
<doc>Click the element identified by ``locator``.</doc>
<status status="PASS" start="2024-09-30T14:20:29.199599" elapsed="0.039528"/>
</kw>
<status status="PASS" start="2024-09-30T14:20:29.199599" elapsed="0.039528"/>
</kw>
<kw name="E clica no botão Buscar" owner="listar_acordos_page">
<kw name="Click Button" owner="SeleniumLibrary">
<msg time="2024-09-30T14:20:29.241121" level="INFO">Clicking button '//button[contains(.,'Buscar')]'.</msg>
<arg>${CLICK_BUTON}</arg>
<doc>Clicks the button identified by ``locator``.</doc>
<status status="PASS" start="2024-09-30T14:20:29.241121" elapsed="0.109951"/>
</kw>
<status status="PASS" start="2024-09-30T14:20:29.241121" elapsed="0.109951"/>
</kw>
<kw name="Então o sistema atualiza a lista com o registro de status 2" owner="listar_acordos_page">
<kw name="Wait Until Element Contains" owner="SeleniumLibrary">
<msg time="2024-09-30T14:20:34.531479" level="INFO" html="true">&lt;/td&gt;&lt;/tr&gt;&lt;tr&gt;&lt;td colspan="3"&gt;&lt;a href="selenium-screenshot-33.png"&gt;&lt;img src="selenium-screenshot-33.png" width="800px"&gt;&lt;/a&gt;</msg>
<msg time="2024-09-30T14:20:34.531479" level="FAIL">Element with locator '//span[@class='status-text d-block text-truncate'][contains(.,'Em análise de admissibilidade')]' not found.</msg>
<arg>locator=//span[@class='status-text d-block text-truncate'][contains(.,'Em análise de admissibilidade')]</arg>
<arg>text=Em análise de admissibilidade</arg>
<doc>Waits until the element ``locator`` contains ``text``.</doc>
<status status="FAIL" start="2024-09-30T14:20:29.352075" elapsed="5.246413">Element with locator '//span[@class='status-text d-block text-truncate'][contains(.,'Em análise de admissibilidade')]' not found.</status>
</kw>
<kw name="Page Should Contain Element" owner="SeleniumLibrary">
<arg>${STATUS_2}</arg>
<doc>Verifies that element ``locator`` is found on the current page.</doc>
<status status="NOT RUN" start="2024-09-30T14:20:34.598488" elapsed="0.000000"/>
</kw>
<status status="FAIL" start="2024-09-30T14:20:29.352075" elapsed="5.246413">Element with locator '//span[@class='status-text d-block text-truncate'][contains(.,'Em análise de admissibilidade')]' not found.</status>
</kw>
<kw name="Run Keywords" owner="BuiltIn" type="TEARDOWN">
<kw name="Capture Page Screenshot" owner="SeleniumLibrary">
<msg time="2024-09-30T14:20:34.712714" level="INFO" html="true">&lt;/td&gt;&lt;/tr&gt;&lt;tr&gt;&lt;td colspan="3"&gt;&lt;a href="selenium-screenshot-34.png"&gt;&lt;img src="selenium-screenshot-34.png" width="800px"&gt;&lt;/a&gt;</msg>
<doc>Takes a screenshot of the current page and embeds it into a log file.</doc>
<status status="PASS" start="2024-09-30T14:20:34.599500" elapsed="0.114221"/>
</kw>
<kw name="Close Browser" owner="SeleniumLibrary">
<doc>Closes the current browser.</doc>
<status status="PASS" start="2024-09-30T14:20:34.713721" elapsed="2.203263"/>
</kw>
<arg>Capture Page Screenshot</arg>
<arg>Close Browser</arg>
<doc>Executes all the given keywords in a sequence.</doc>
<status status="PASS" start="2024-09-30T14:20:34.599500" elapsed="2.317484"/>
</kw>
<status status="FAIL" start="2024-09-30T14:20:26.352281" elapsed="10.565731">Element with locator '//span[@class='status-text d-block text-truncate'][contains(.,'Em análise de admissibilidade')]' not found.</status>
</test>
<test id="s1-s1-t5" name="Caso de teste 05 - Buscar por status &quot;Pedido inadmitido na CASC&quot;" line="34">
<kw name="Abrir o navegador" owner="listar_acordos_page" type="SETUP">
<kw name="Open Browser" owner="SeleniumLibrary">
<msg time="2024-09-30T14:20:36.921006" level="INFO">Opening browser 'chrome' to base url 'None'.</msg>
<arg>browser=${BROWSER}</arg>
<doc>Opens a new browser instance to the optional ``url``.</doc>
<status status="PASS" start="2024-09-30T14:20:36.921006" elapsed="1.482792"/>
</kw>
<kw name="Maximize Browser Window" owner="SeleniumLibrary">
<doc>Maximizes current browser window.</doc>
<status status="PASS" start="2024-09-30T14:20:38.403798" elapsed="0.034635"/>
</kw>
<status status="PASS" start="2024-09-30T14:20:36.921006" elapsed="1.518538"/>
</kw>
<kw name="DADO que o usuário está logado no sistema de acordos" owner="listar_acordos_page">
<kw name="Go To" owner="SeleniumLibrary">
<msg time="2024-09-30T14:20:38.441082" level="INFO">Opening url 'http://autocomposicao-frontend-dev.apps.ocppge.in.pge.rj.gov.br/acordos'</msg>
<arg>url=${URL}</arg>
<doc>Navigates the current browser window to the provided ``url``.</doc>
<status status="PASS" start="2024-09-30T14:20:38.441082" elapsed="0.520463"/>
</kw>
<status status="PASS" start="2024-09-30T14:20:38.440502" elapsed="0.522396"/>
</kw>
<kw name="E seleciona a opção &quot;Pedido inadmitido na CASC&quot; no campo &quot;Status&quot;" owner="listar_acordos_page">
<kw name="Click Element" owner="SeleniumLibrary">
<msg time="2024-09-30T14:20:38.962898" level="INFO">Clicking element '//option[@value='3'][contains(.,'Pedido inadmitido na CASC')]'.</msg>
<arg>locator=//option[@value='3'][contains(.,'Pedido inadmitido na CASC')]</arg>
<doc>Click the element identified by ``locator``.</doc>
<status status="PASS" start="2024-09-30T14:20:38.962898" elapsed="0.138167"/>
</kw>
<status status="PASS" start="2024-09-30T14:20:38.962898" elapsed="0.138167"/>
</kw>
<kw name="E clica no botão Buscar" owner="listar_acordos_page">
<kw name="Click Button" owner="SeleniumLibrary">
<msg time="2024-09-30T14:20:39.104925" level="INFO">Clicking button '//button[contains(.,'Buscar')]'.</msg>
<arg>${CLICK_BUTON}</arg>
<doc>Clicks the button identified by ``locator``.</doc>
<status status="PASS" start="2024-09-30T14:20:39.103306" elapsed="0.094810"/>
</kw>
<status status="PASS" start="2024-09-30T14:20:39.102282" elapsed="0.095834"/>
</kw>
<kw name="Então o sistema atualiza a lista com o registro de status 3" owner="listar_acordos_page">
<kw name="Wait Until Element Contains" owner="SeleniumLibrary">
<arg>locator=//span[@class='status-text d-block text-truncate'][contains(.,'Pedido inadmitido na CASC')]</arg>
<arg>text=Pedido inadmitido na CASC</arg>
<doc>Waits until the element ``locator`` contains ``text``.</doc>
<status status="PASS" start="2024-09-30T14:20:39.199119" elapsed="0.234299"/>
</kw>
<kw name="Page Should Contain Element" owner="SeleniumLibrary">
<msg time="2024-09-30T14:20:39.448588" level="INFO">Current page contains element '//span[@class='status-text d-block text-truncate'][contains(.,'Pedido inadmitido na CASC')]'.</msg>
<arg>${STATUS_3}</arg>
<doc>Verifies that element ``locator`` is found on the current page.</doc>
<status status="PASS" start="2024-09-30T14:20:39.434522" elapsed="0.014066"/>
</kw>
<status status="PASS" start="2024-09-30T14:20:39.199119" elapsed="0.249469"/>
</kw>
<kw name="Run Keywords" owner="BuiltIn" type="TEARDOWN">
<kw name="Capture Page Screenshot" owner="SeleniumLibrary">
<msg time="2024-09-30T14:20:39.573054" level="INFO" html="true">&lt;/td&gt;&lt;/tr&gt;&lt;tr&gt;&lt;td colspan="3"&gt;&lt;a href="selenium-screenshot-35.png"&gt;&lt;img src="selenium-screenshot-35.png" width="800px"&gt;&lt;/a&gt;</msg>
<doc>Takes a screenshot of the current page and embeds it into a log file.</doc>
<status status="PASS" start="2024-09-30T14:20:39.448588" elapsed="0.125491"/>
</kw>
<kw name="Close Browser" owner="SeleniumLibrary">
<doc>Closes the current browser.</doc>
<status status="PASS" start="2024-09-30T14:20:39.574276" elapsed="2.166724"/>
</kw>
<arg>Capture Page Screenshot</arg>
<arg>Close Browser</arg>
<doc>Executes all the given keywords in a sequence.</doc>
<status status="PASS" start="2024-09-30T14:20:39.448588" elapsed="2.293462"/>
</kw>
<status status="PASS" start="2024-09-30T14:20:36.920009" elapsed="4.823032"/>
</test>
<test id="s1-s1-t6" name="Caso de teste 06 - Buscar por status &quot;Pedido admitido preliminarmente na CASC&quot;" line="40">
<kw name="Abrir o navegador" owner="listar_acordos_page" type="SETUP">
<kw name="Open Browser" owner="SeleniumLibrary">
<msg time="2024-09-30T14:20:41.747522" level="INFO">Opening browser 'chrome' to base url 'None'.</msg>
<arg>browser=${BROWSER}</arg>
<doc>Opens a new browser instance to the optional ``url``.</doc>
<status status="PASS" start="2024-09-30T14:20:41.746501" elapsed="1.609664"/>
</kw>
<kw name="Maximize Browser Window" owner="SeleniumLibrary">
<doc>Maximizes current browser window.</doc>
<status status="PASS" start="2024-09-30T14:20:43.356165" elapsed="0.033210"/>
</kw>
<status status="PASS" start="2024-09-30T14:20:41.746501" elapsed="1.642874"/>
</kw>
<kw name="DADO que o usuário está logado no sistema de acordos" owner="listar_acordos_page">
<kw name="Go To" owner="SeleniumLibrary">
<msg time="2024-09-30T14:20:43.393669" level="INFO">Opening url 'http://autocomposicao-frontend-dev.apps.ocppge.in.pge.rj.gov.br/acordos'</msg>
<arg>url=${URL}</arg>
<doc>Navigates the current browser window to the provided ``url``.</doc>
<status status="PASS" start="2024-09-30T14:20:43.392653" elapsed="0.569968"/>
</kw>
<status status="PASS" start="2024-09-30T14:20:43.390636" elapsed="0.571985"/>
</kw>
<kw name="E seleciona a opção &quot;Pedido admitido preliminarmente na CASC&quot; no campo &quot;Status&quot;" owner="listar_acordos_page">
<kw name="Click Element" owner="SeleniumLibrary">
<msg time="2024-09-30T14:20:43.963621" level="INFO">Clicking element '//option[@value='4'][contains(.,'Pedido admitido preliminarmente na CASC')]'.</msg>
<arg>locator=//option[@value='4'][contains(.,'Pedido admitido preliminarmente na CASC')]</arg>
<doc>Click the element identified by ``locator``.</doc>
<status status="PASS" start="2024-09-30T14:20:43.963621" elapsed="0.101695"/>
</kw>
<status status="PASS" start="2024-09-30T14:20:43.963621" elapsed="0.101695"/>
</kw>
<kw name="E clica no botão Buscar" owner="listar_acordos_page">
<kw name="Click Button" owner="SeleniumLibrary">
<msg time="2024-09-30T14:20:44.067327" level="INFO">Clicking button '//button[contains(.,'Buscar')]'.</msg>
<arg>${CLICK_BUTON}</arg>
<doc>Clicks the button identified by ``locator``.</doc>
<status status="PASS" start="2024-09-30T14:20:44.066325" elapsed="0.100816"/>
</kw>
<status status="PASS" start="2024-09-30T14:20:44.066325" elapsed="0.100816"/>
</kw>
<kw name="Então o sistema atualiza a lista com o registro de status 4" owner="listar_acordos_page">
<kw name="Wait Until Element Contains" owner="SeleniumLibrary">
<arg>locator=//span[@class='status-text d-block text-truncate'][contains(.,'Pedido admitido preliminarmente na CASC')]</arg>
<arg>text=Pedido admitido preliminarmente na CASC</arg>
<doc>Waits until the element ``locator`` contains ``text``.</doc>
<status status="PASS" start="2024-09-30T14:20:44.167141" elapsed="0.237713"/>
</kw>
<kw name="Page Should Contain Element" owner="SeleniumLibrary">
<msg time="2024-09-30T14:20:44.412858" level="INFO">Current page contains element '//span[@class='status-text d-block text-truncate'][contains(.,'Pedido admitido preliminarmente na CASC')]'.</msg>
<arg>${STATUS_4}</arg>
<doc>Verifies that element ``locator`` is found on the current page.</doc>
<status status="PASS" start="2024-09-30T14:20:44.404854" elapsed="0.008004"/>
</kw>
<status status="PASS" start="2024-09-30T14:20:44.167141" elapsed="0.245717"/>
</kw>
<kw name="Run Keywords" owner="BuiltIn" type="TEARDOWN">
<kw name="Capture Page Screenshot" owner="SeleniumLibrary">
<msg time="2024-09-30T14:20:44.565799" level="INFO" html="true">&lt;/td&gt;&lt;/tr&gt;&lt;tr&gt;&lt;td colspan="3"&gt;&lt;a href="selenium-screenshot-36.png"&gt;&lt;img src="selenium-screenshot-36.png" width="800px"&gt;&lt;/a&gt;</msg>
<doc>Takes a screenshot of the current page and embeds it into a log file.</doc>
<status status="PASS" start="2024-09-30T14:20:44.413858" elapsed="0.151941"/>
</kw>
<kw name="Close Browser" owner="SeleniumLibrary">
<doc>Closes the current browser.</doc>
<status status="PASS" start="2024-09-30T14:20:44.565799" elapsed="2.190042"/>
</kw>
<arg>Capture Page Screenshot</arg>
<arg>Close Browser</arg>
<doc>Executes all the given keywords in a sequence.</doc>
<status status="PASS" start="2024-09-30T14:20:44.413858" elapsed="2.341983"/>
</kw>
<status status="PASS" start="2024-09-30T14:20:41.745777" elapsed="5.011061"/>
</test>
<test id="s1-s1-t7" name="Caso de teste 07 - Buscar por status &quot;Inadmitido por falta de interesse&quot;" line="46">
<kw name="Abrir o navegador" owner="listar_acordos_page" type="SETUP">
<kw name="Open Browser" owner="SeleniumLibrary">
<msg time="2024-09-30T14:20:46.761835" level="INFO">Opening browser 'chrome' to base url 'None'.</msg>
<arg>browser=${BROWSER}</arg>
<doc>Opens a new browser instance to the optional ``url``.</doc>
<status status="PASS" start="2024-09-30T14:20:46.760836" elapsed="1.504674"/>
</kw>
<kw name="Maximize Browser Window" owner="SeleniumLibrary">
<doc>Maximizes current browser window.</doc>
<status status="PASS" start="2024-09-30T14:20:48.266515" elapsed="0.038637"/>
</kw>
<status status="PASS" start="2024-09-30T14:20:46.760836" elapsed="1.544316"/>
</kw>
<kw name="DADO que o usuário está logado no sistema de acordos" owner="listar_acordos_page">
<kw name="Go To" owner="SeleniumLibrary">
<msg time="2024-09-30T14:20:48.306270" level="INFO">Opening url 'http://autocomposicao-frontend-dev.apps.ocppge.in.pge.rj.gov.br/acordos'</msg>
<arg>url=${URL}</arg>
<doc>Navigates the current browser window to the provided ``url``.</doc>
<status status="PASS" start="2024-09-30T14:20:48.306270" elapsed="0.567050"/>
</kw>
<status status="PASS" start="2024-09-30T14:20:48.306270" elapsed="0.567050"/>
</kw>
<kw name="E seleciona a opção &quot;Inadmitido por falta de interesse&quot; no campo &quot;Status&quot;" owner="listar_acordos_page">
<kw name="Click Element" owner="SeleniumLibrary">
<msg time="2024-09-30T14:20:48.876345" level="INFO">Clicking element '//option[@value='5'][contains(.,'Inadmitido por falta de interesse')]'.</msg>
<arg>locator=//option[@value='5'][contains(.,'Inadmitido por falta de interesse')]</arg>
<doc>Click the element identified by ``locator``.</doc>
<status status="PASS" start="2024-09-30T14:20:48.875338" elapsed="0.046922"/>
</kw>
<status status="PASS" start="2024-09-30T14:20:48.874335" elapsed="0.047925"/>
</kw>
<kw name="E clica no botão Buscar" owner="listar_acordos_page">
<kw name="Click Button" owner="SeleniumLibrary">
<msg time="2024-09-30T14:20:48.923787" level="INFO">Clicking button '//button[contains(.,'Buscar')]'.</msg>
<arg>${CLICK_BUTON}</arg>
<doc>Clicks the button identified by ``locator``.</doc>
<status status="PASS" start="2024-09-30T14:20:48.923787" elapsed="0.082131"/>
</kw>
<status status="PASS" start="2024-09-30T14:20:48.923787" elapsed="0.083176"/>
</kw>
<kw name="Então o sistema atualiza a lista com o registro de status 5" owner="listar_acordos_page">
<kw name="Wait Until Element Contains" owner="SeleniumLibrary">
<arg>locator=//span[@class='status-text d-block text-truncate'][contains(.,'Inadmitido por falta de interesse (OU)')]</arg>
<arg>text=Inadmitido por falta de interesse (OU)</arg>
<doc>Waits until the element ``locator`` contains ``text``.</doc>
<status status="PASS" start="2024-09-30T14:20:49.006963" elapsed="0.243073"/>
</kw>
<kw name="Page Should Contain Element" owner="SeleniumLibrary">
<msg time="2024-09-30T14:20:49.255286" level="INFO">Current page contains element '//span[@class='status-text d-block text-truncate'][contains(.,'Inadmitido por falta de interesse (OU)')]'.</msg>
<arg>${STATUS_5}</arg>
<doc>Verifies that element ``locator`` is found on the current page.</doc>
<status status="PASS" start="2024-09-30T14:20:49.250036" elapsed="0.005250"/>
</kw>
<status status="PASS" start="2024-09-30T14:20:49.006963" elapsed="0.248323"/>
</kw>
<kw name="Run Keywords" owner="BuiltIn" type="TEARDOWN">
<kw name="Capture Page Screenshot" owner="SeleniumLibrary">
<msg time="2024-09-30T14:20:49.417102" level="INFO" html="true">&lt;/td&gt;&lt;/tr&gt;&lt;tr&gt;&lt;td colspan="3"&gt;&lt;a href="selenium-screenshot-37.png"&gt;&lt;img src="selenium-screenshot-37.png" width="800px"&gt;&lt;/a&gt;</msg>
<doc>Takes a screenshot of the current page and embeds it into a log file.</doc>
<status status="PASS" start="2024-09-30T14:20:49.256314" elapsed="0.161792"/>
</kw>
<kw name="Close Browser" owner="SeleniumLibrary">
<doc>Closes the current browser.</doc>
<status status="PASS" start="2024-09-30T14:20:49.418106" elapsed="2.172026"/>
</kw>
<arg>Capture Page Screenshot</arg>
<arg>Close Browser</arg>
<doc>Executes all the given keywords in a sequence.</doc>
<status status="PASS" start="2024-09-30T14:20:49.256314" elapsed="2.333818"/>
</kw>
<status status="PASS" start="2024-09-30T14:20:46.759837" elapsed="4.832350"/>
</test>
<test id="s1-s1-t8" name="Caso de teste 08 - Buscar por status &quot;Pedido admitido na CASC&quot;" line="52">
<kw name="Abrir o navegador" owner="listar_acordos_page" type="SETUP">
<kw name="Open Browser" owner="SeleniumLibrary">
<msg time="2024-09-30T14:20:51.598097" level="INFO">Opening browser 'chrome' to base url 'None'.</msg>
<arg>browser=${BROWSER}</arg>
<doc>Opens a new browser instance to the optional ``url``.</doc>
<status status="PASS" start="2024-09-30T14:20:51.596996" elapsed="1.506255"/>
</kw>
<kw name="Maximize Browser Window" owner="SeleniumLibrary">
<doc>Maximizes current browser window.</doc>
<status status="PASS" start="2024-09-30T14:20:53.103251" elapsed="0.044676"/>
</kw>
<status status="PASS" start="2024-09-30T14:20:51.596996" elapsed="1.551900"/>
</kw>
<kw name="DADO que o usuário está logado no sistema de acordos" owner="listar_acordos_page">
<kw name="Go To" owner="SeleniumLibrary">
<msg time="2024-09-30T14:20:53.150900" level="INFO">Opening url 'http://autocomposicao-frontend-dev.apps.ocppge.in.pge.rj.gov.br/acordos'</msg>
<arg>url=${URL}</arg>
<doc>Navigates the current browser window to the provided ``url``.</doc>
<status status="PASS" start="2024-09-30T14:20:53.150900" elapsed="0.799175"/>
</kw>
<status status="PASS" start="2024-09-30T14:20:53.149891" elapsed="0.800184"/>
</kw>
<kw name="E seleciona a opção &quot;Pedido admitido na CASC&quot; no campo &quot;Status&quot;" owner="listar_acordos_page">
<kw name="Click Element" owner="SeleniumLibrary">
<msg time="2024-09-30T14:20:53.951076" level="INFO">Clicking element '//option[@value='6'][contains(.,'Pedido admitido na CASC')]'.</msg>
<arg>locator=//option[@value='6'][contains(.,'Pedido admitido na CASC')]</arg>
<doc>Click the element identified by ``locator``.</doc>
<status status="PASS" start="2024-09-30T14:20:53.951076" elapsed="0.054575"/>
</kw>
<status status="PASS" start="2024-09-30T14:20:53.951076" elapsed="0.054575"/>
</kw>
<kw name="E clica no botão Buscar" owner="listar_acordos_page">
<kw name="Click Button" owner="SeleniumLibrary">
<msg time="2024-09-30T14:20:54.007689" level="INFO">Clicking button '//button[contains(.,'Buscar')]'.</msg>
<arg>${CLICK_BUTON}</arg>
<doc>Clicks the button identified by ``locator``.</doc>
<status status="PASS" start="2024-09-30T14:20:54.006696" elapsed="0.225379"/>
</kw>
<status status="PASS" start="2024-09-30T14:20:54.006696" elapsed="0.226380"/>
</kw>
<kw name="Então o sistema atualiza a lista com o registro de status 6" owner="listar_acordos_page">
<kw name="Wait Until Element Contains" owner="SeleniumLibrary">
<arg>locator=//span[@class='status-text d-block text-truncate'][contains(.,'Pedido admitido na CASC')]</arg>
<arg>text=Pedido admitido na CASC</arg>
<doc>Waits until the element ``locator`` contains ``text``.</doc>
<status status="PASS" start="2024-09-30T14:20:54.234072" elapsed="0.240091"/>
</kw>
<kw name="Page Should Contain Element" owner="SeleniumLibrary">
<msg time="2024-09-30T14:20:54.481164" level="INFO">Current page contains element '//span[@class='status-text d-block text-truncate'][contains(.,'Pedido admitido na CASC')]'.</msg>
<arg>${STATUS_6}</arg>
<doc>Verifies that element ``locator`` is found on the current page.</doc>
<status status="PASS" start="2024-09-30T14:20:54.474163" elapsed="0.007001"/>
</kw>
<status status="PASS" start="2024-09-30T14:20:54.233076" elapsed="0.248088"/>
</kw>
<kw name="Run Keywords" owner="BuiltIn" type="TEARDOWN">
<kw name="Capture Page Screenshot" owner="SeleniumLibrary">
<msg time="2024-09-30T14:20:54.577733" level="INFO" html="true">&lt;/td&gt;&lt;/tr&gt;&lt;tr&gt;&lt;td colspan="3"&gt;&lt;a href="selenium-screenshot-38.png"&gt;&lt;img src="selenium-screenshot-38.png" width="800px"&gt;&lt;/a&gt;</msg>
<doc>Takes a screenshot of the current page and embeds it into a log file.</doc>
<status status="PASS" start="2024-09-30T14:20:54.482160" elapsed="0.095573"/>
</kw>
<kw name="Close Browser" owner="SeleniumLibrary">
<doc>Closes the current browser.</doc>
<status status="PASS" start="2024-09-30T14:20:54.577733" elapsed="2.168497"/>
</kw>
<arg>Capture Page Screenshot</arg>
<arg>Close Browser</arg>
<doc>Executes all the given keywords in a sequence.</doc>
<status status="PASS" start="2024-09-30T14:20:54.482160" elapsed="2.264918"/>
</kw>
<status status="PASS" start="2024-09-30T14:20:51.595997" elapsed="5.151626"/>
</test>
<test id="s1-s1-t9" name="Caso de teste 09 - Buscar por status &quot;Em fase de sessões de mediação&quot;" line="58">
<kw name="Abrir o navegador" owner="listar_acordos_page" type="SETUP">
<kw name="Open Browser" owner="SeleniumLibrary">
<msg time="2024-09-30T14:20:56.752643" level="INFO">Opening browser 'chrome' to base url 'None'.</msg>
<arg>browser=${BROWSER}</arg>
<doc>Opens a new browser instance to the optional ``url``.</doc>
<status status="PASS" start="2024-09-30T14:20:56.752643" elapsed="1.571189"/>
</kw>
<kw name="Maximize Browser Window" owner="SeleniumLibrary">
<doc>Maximizes current browser window.</doc>
<status status="PASS" start="2024-09-30T14:20:58.324842" elapsed="0.029076"/>
</kw>
<status status="PASS" start="2024-09-30T14:20:56.751651" elapsed="1.602267"/>
</kw>
<kw name="DADO que o usuário está logado no sistema de acordos" owner="listar_acordos_page">
<kw name="Go To" owner="SeleniumLibrary">
<msg time="2024-09-30T14:20:58.355221" level="INFO">Opening url 'http://autocomposicao-frontend-dev.apps.ocppge.in.pge.rj.gov.br/acordos'</msg>
<arg>url=${URL}</arg>
<doc>Navigates the current browser window to the provided ``url``.</doc>
<status status="PASS" start="2024-09-30T14:20:58.355221" elapsed="0.599611"/>
</kw>
<status status="PASS" start="2024-09-30T14:20:58.355221" elapsed="0.599611"/>
</kw>
<kw name="E seleciona a opção &quot;Em fase de sessões de mediação&quot; no campo &quot;Status&quot;" owner="listar_acordos_page">
<kw name="Click Element" owner="SeleniumLibrary">
<msg time="2024-09-30T14:20:58.955838" level="INFO">Clicking element '//option[@value='7'][contains(.,'Em fase de sessões de mediação')]'.</msg>
<arg>locator=//option[@value='7'][contains(.,'Em fase de sessões de mediação')]</arg>
<doc>Click the element identified by ``locator``.</doc>
<status status="PASS" start="2024-09-30T14:20:58.955838" elapsed="0.575307"/>
</kw>
<status status="PASS" start="2024-09-30T14:20:58.955838" elapsed="0.575307"/>
</kw>
<kw name="E clica no botão Buscar" owner="listar_acordos_page">
<kw name="Click Button" owner="SeleniumLibrary">
<msg time="2024-09-30T14:20:59.532146" level="INFO">Clicking button '//button[contains(.,'Buscar')]'.</msg>
<arg>${CLICK_BUTON}</arg>
<doc>Clicks the button identified by ``locator``.</doc>
<status status="PASS" start="2024-09-30T14:20:59.532146" elapsed="0.093706"/>
</kw>
<status status="PASS" start="2024-09-30T14:20:59.532146" elapsed="0.093706"/>
</kw>
<kw name="Então o sistema atualiza a lista com o registro de status 7" owner="listar_acordos_page">
<kw name="Wait Until Element Contains" owner="SeleniumLibrary">
<arg>locator=//span[@class='status-text d-block text-truncate'][contains(.,'Em fase de sessões de mediação')]</arg>
<arg>text=Em fase de sessões de mediação</arg>
<doc>Waits until the element ``locator`` contains ``text``.</doc>
<status status="PASS" start="2024-09-30T14:20:59.627819" elapsed="0.245738"/>
</kw>
<kw name="Page Should Contain Element" owner="SeleniumLibrary">
<msg time="2024-09-30T14:20:59.880537" level="INFO">Current page contains element '//span[@class='status-text d-block text-truncate'][contains(.,'Em fase de sessões de mediação')]'.</msg>
<arg>${STATUS_7}</arg>
<doc>Verifies that element ``locator`` is found on the current page.</doc>
<status status="PASS" start="2024-09-30T14:20:59.873557" elapsed="0.006980"/>
</kw>
<status status="PASS" start="2024-09-30T14:20:59.626826" elapsed="0.253711"/>
</kw>
<kw name="Run Keywords" owner="BuiltIn" type="TEARDOWN">
<kw name="Capture Page Screenshot" owner="SeleniumLibrary">
<msg time="2024-09-30T14:20:59.976080" level="INFO" html="true">&lt;/td&gt;&lt;/tr&gt;&lt;tr&gt;&lt;td colspan="3"&gt;&lt;a href="selenium-screenshot-39.png"&gt;&lt;img src="selenium-screenshot-39.png" width="800px"&gt;&lt;/a&gt;</msg>
<doc>Takes a screenshot of the current page and embeds it into a log file.</doc>
<status status="PASS" start="2024-09-30T14:20:59.881541" elapsed="0.094539"/>
</kw>
<kw name="Close Browser" owner="SeleniumLibrary">
<doc>Closes the current browser.</doc>
<status status="PASS" start="2024-09-30T14:20:59.976080" elapsed="2.188701"/>
</kw>
<arg>Capture Page Screenshot</arg>
<arg>Close Browser</arg>
<doc>Executes all the given keywords in a sequence.</doc>
<status status="PASS" start="2024-09-30T14:20:59.881541" elapsed="2.284281"/>
</kw>
<status status="PASS" start="2024-09-30T14:20:56.750645" elapsed="5.415177"/>
</test>
<test id="s1-s1-t10" name="Caso de teste 10 - Buscar por status &quot;Processo concluído por ausência de acordo&quot;" line="64">
<kw name="Abrir o navegador" owner="listar_acordos_page" type="SETUP">
<kw name="Open Browser" owner="SeleniumLibrary">
<msg time="2024-09-30T14:21:02.169818" level="INFO">Opening browser 'chrome' to base url 'None'.</msg>
<arg>browser=${BROWSER}</arg>
<doc>Opens a new browser instance to the optional ``url``.</doc>
<status status="PASS" start="2024-09-30T14:21:02.169818" elapsed="1.537602"/>
</kw>
<kw name="Maximize Browser Window" owner="SeleniumLibrary">
<doc>Maximizes current browser window.</doc>
<status status="PASS" start="2024-09-30T14:21:03.707420" elapsed="0.039988"/>
</kw>
<status status="PASS" start="2024-09-30T14:21:02.168818" elapsed="1.578590"/>
</kw>
<kw name="DADO que o usuário está logado no sistema de acordos" owner="listar_acordos_page">
<kw name="Go To" owner="SeleniumLibrary">
<msg time="2024-09-30T14:21:03.750444" level="INFO">Opening url 'http://autocomposicao-frontend-dev.apps.ocppge.in.pge.rj.gov.br/acordos'</msg>
<arg>url=${URL}</arg>
<doc>Navigates the current browser window to the provided ``url``.</doc>
<status status="PASS" start="2024-09-30T14:21:03.750444" elapsed="0.595963"/>
</kw>
<status status="PASS" start="2024-09-30T14:21:03.748398" elapsed="0.598009"/>
</kw>
<kw name="E seleciona a opção &quot;Processo concluído por ausência de acordo&quot; no campo &quot;Status&quot;" owner="listar_acordos_page">
<kw name="Click Element" owner="SeleniumLibrary">
<msg time="2024-09-30T14:21:04.347420" level="INFO">Clicking element '//option[@value='8'][contains(.,'Processo concluído por ausência de acordo')]'.</msg>
<arg>locator=//option[@value='8'][contains(.,'Processo concluído por ausência de acordo')]</arg>
<doc>Click the element identified by ``locator``.</doc>
<status status="PASS" start="2024-09-30T14:21:04.347420" elapsed="0.117865"/>
</kw>
<status status="PASS" start="2024-09-30T14:21:04.347420" elapsed="0.117865"/>
</kw>
<kw name="E clica no botão Buscar" owner="listar_acordos_page">
<kw name="Click Button" owner="SeleniumLibrary">
<msg time="2024-09-30T14:21:04.466284" level="INFO">Clicking button '//button[contains(.,'Buscar')]'.</msg>
<arg>${CLICK_BUTON}</arg>
<doc>Clicks the button identified by ``locator``.</doc>
<status status="PASS" start="2024-09-30T14:21:04.466284" elapsed="0.089771"/>
</kw>
<status status="PASS" start="2024-09-30T14:21:04.465285" elapsed="0.090770"/>
</kw>
<kw name="Então o sistema atualiza a lista com o registro de status 8" owner="listar_acordos_page">
<kw name="Wait Until Element Contains" owner="SeleniumLibrary">
<arg>locator=//span[@class='status-text d-block text-truncate'][contains(.,'Processo concluído por ausência de acordo')]</arg>
<arg>text=Processo concluído por ausência de acordo</arg>
<doc>Waits until the element ``locator`` contains ``text``.</doc>
<status status="PASS" start="2024-09-30T14:21:04.558169" elapsed="0.239898"/>
</kw>
<kw name="Page Should Contain Element" owner="SeleniumLibrary">
<msg time="2024-09-30T14:21:04.804066" level="INFO">Current page contains element '//span[@class='status-text d-block text-truncate'][contains(.,'Processo concluído por ausência de acordo')]'.</msg>
<arg>${STATUS_8}</arg>
<doc>Verifies that element ``locator`` is found on the current page.</doc>
<status status="PASS" start="2024-09-30T14:21:04.799096" elapsed="0.004970"/>
</kw>
<status status="PASS" start="2024-09-30T14:21:04.557100" elapsed="0.247994"/>
</kw>
<kw name="Run Keywords" owner="BuiltIn" type="TEARDOWN">
<kw name="Capture Page Screenshot" owner="SeleniumLibrary">
<msg time="2024-09-30T14:21:04.934592" level="INFO" html="true">&lt;/td&gt;&lt;/tr&gt;&lt;tr&gt;&lt;td colspan="3"&gt;&lt;a href="selenium-screenshot-40.png"&gt;&lt;img src="selenium-screenshot-40.png" width="800px"&gt;&lt;/a&gt;</msg>
<doc>Takes a screenshot of the current page and embeds it into a log file.</doc>
<status status="PASS" start="2024-09-30T14:21:04.805830" elapsed="0.128762"/>
</kw>
<kw name="Close Browser" owner="SeleniumLibrary">
<doc>Closes the current browser.</doc>
<status status="PASS" start="2024-09-30T14:21:04.934770" elapsed="2.166338"/>
</kw>
<arg>Capture Page Screenshot</arg>
<arg>Close Browser</arg>
<doc>Executes all the given keywords in a sequence.</doc>
<status status="PASS" start="2024-09-30T14:21:04.805830" elapsed="2.295278"/>
</kw>
<status status="PASS" start="2024-09-30T14:21:02.167820" elapsed="4.934407"/>
</test>
<test id="s1-s1-t11" name="Caso de teste 11 - Buscar por status &quot;Acordo firmado&quot;" line="70">
<kw name="Abrir o navegador" owner="listar_acordos_page" type="SETUP">
<kw name="Open Browser" owner="SeleniumLibrary">
<msg time="2024-09-30T14:21:07.106100" level="INFO">Opening browser 'chrome' to base url 'None'.</msg>
<arg>browser=${BROWSER}</arg>
<doc>Opens a new browser instance to the optional ``url``.</doc>
<status status="PASS" start="2024-09-30T14:21:07.106100" elapsed="1.554542"/>
</kw>
<kw name="Maximize Browser Window" owner="SeleniumLibrary">
<doc>Maximizes current browser window.</doc>
<status status="PASS" start="2024-09-30T14:21:08.660642" elapsed="0.028042"/>
</kw>
<status status="PASS" start="2024-09-30T14:21:07.106100" elapsed="1.582584"/>
</kw>
<kw name="DADO que o usuário está logado no sistema de acordos" owner="listar_acordos_page">
<kw name="Go To" owner="SeleniumLibrary">
<msg time="2024-09-30T14:21:08.689685" level="INFO">Opening url 'http://autocomposicao-frontend-dev.apps.ocppge.in.pge.rj.gov.br/acordos'</msg>
<arg>url=${URL}</arg>
<doc>Navigates the current browser window to the provided ``url``.</doc>
<status status="PASS" start="2024-09-30T14:21:08.689685" elapsed="0.563203"/>
</kw>
<status status="PASS" start="2024-09-30T14:21:08.689685" elapsed="0.563203"/>
</kw>
<kw name="E seleciona a opção &quot;Acordo firmado&quot; no campo &quot;Status&quot;" owner="listar_acordos_page">
<kw name="Click Element" owner="SeleniumLibrary">
<msg time="2024-09-30T14:21:09.253883" level="INFO">Clicking element '//option[@value='9'][contains(.,'Acordo firmado')]'.</msg>
<arg>locator=//option[@value='9'][contains(.,'Acordo firmado')]</arg>
<doc>Click the element identified by ``locator``.</doc>
<status status="PASS" start="2024-09-30T14:21:09.253883" elapsed="0.064354"/>
</kw>
<status status="PASS" start="2024-09-30T14:21:09.253883" elapsed="0.064354"/>
</kw>
<kw name="E clica no botão Buscar" owner="listar_acordos_page">
<kw name="Click Button" owner="SeleniumLibrary">
<msg time="2024-09-30T14:21:09.319268" level="INFO">Clicking button '//button[contains(.,'Buscar')]'.</msg>
<arg>${CLICK_BUTON}</arg>
<doc>Clicks the button identified by ``locator``.</doc>
<status status="PASS" start="2024-09-30T14:21:09.319268" elapsed="0.144656"/>
</kw>
<status status="PASS" start="2024-09-30T14:21:09.318237" elapsed="0.146687"/>
</kw>
<kw name="Então o sistema atualiza a lista com o registro de status 9" owner="listar_acordos_page">
<kw name="Wait Until Element Contains" owner="SeleniumLibrary">
<msg time="2024-09-30T14:21:14.633952" level="INFO" html="true">&lt;/td&gt;&lt;/tr&gt;&lt;tr&gt;&lt;td colspan="3"&gt;&lt;a href="selenium-screenshot-41.png"&gt;&lt;img src="selenium-screenshot-41.png" width="800px"&gt;&lt;/a&gt;</msg>
<msg time="2024-09-30T14:21:14.633952" level="FAIL">Element with locator '//span[@class='status-text d-block text-truncate'][contains(.,'Acordo firmado')]' not found.</msg>
<arg>locator=//span[@class='status-text d-block text-truncate'][contains(.,'Acordo firmado')]</arg>
<arg>text=Acordo firmado</arg>
<doc>Waits until the element ``locator`` contains ``text``.</doc>
<status status="FAIL" start="2024-09-30T14:21:09.465180" elapsed="5.170063">Element with locator '//span[@class='status-text d-block text-truncate'][contains(.,'Acordo firmado')]' not found.</status>
</kw>
<kw name="Page Should Contain Element" owner="SeleniumLibrary">
<arg>${STATUS_9}</arg>
<doc>Verifies that element ``locator`` is found on the current page.</doc>
<status status="NOT RUN" start="2024-09-30T14:21:14.635486" elapsed="0.000000"/>
</kw>
<status status="FAIL" start="2024-09-30T14:21:09.465180" elapsed="5.170306">Element with locator '//span[@class='status-text d-block text-truncate'][contains(.,'Acordo firmado')]' not found.</status>
</kw>
<kw name="Run Keywords" owner="BuiltIn" type="TEARDOWN">
<kw name="Capture Page Screenshot" owner="SeleniumLibrary">
<msg time="2024-09-30T14:21:14.746686" level="INFO" html="true">&lt;/td&gt;&lt;/tr&gt;&lt;tr&gt;&lt;td colspan="3"&gt;&lt;a href="selenium-screenshot-42.png"&gt;&lt;img src="selenium-screenshot-42.png" width="800px"&gt;&lt;/a&gt;</msg>
<doc>Takes a screenshot of the current page and embeds it into a log file.</doc>
<status status="PASS" start="2024-09-30T14:21:14.637503" elapsed="0.109183"/>
</kw>
<kw name="Close Browser" owner="SeleniumLibrary">
<doc>Closes the current browser.</doc>
<status status="PASS" start="2024-09-30T14:21:14.747671" elapsed="2.200340"/>
</kw>
<arg>Capture Page Screenshot</arg>
<arg>Close Browser</arg>
<doc>Executes all the given keywords in a sequence.</doc>
<status status="PASS" start="2024-09-30T14:21:14.636487" elapsed="2.312551"/>
</kw>
<status status="FAIL" start="2024-09-30T14:21:07.105039" elapsed="9.843999">Element with locator '//span[@class='status-text d-block text-truncate'][contains(.,'Acordo firmado')]' not found.</status>
</test>
<test id="s1-s1-t12" name="Caso de teste 12 - Buscar por status &quot;Processo concluído com êxito&quot;" line="76">
<kw name="Abrir o navegador" owner="listar_acordos_page" type="SETUP">
<kw name="Open Browser" owner="SeleniumLibrary">
<msg time="2024-09-30T14:21:16.953037" level="INFO">Opening browser 'chrome' to base url 'None'.</msg>
<arg>browser=${BROWSER}</arg>
<doc>Opens a new browser instance to the optional ``url``.</doc>
<status status="PASS" start="2024-09-30T14:21:16.952039" elapsed="1.489162"/>
</kw>
<kw name="Maximize Browser Window" owner="SeleniumLibrary">
<doc>Maximizes current browser window.</doc>
<status status="PASS" start="2024-09-30T14:21:18.441201" elapsed="0.063986"/>
</kw>
<status status="PASS" start="2024-09-30T14:21:16.952039" elapsed="1.554149"/>
</kw>
<kw name="DADO que o usuário está logado no sistema de acordos" owner="listar_acordos_page">
<kw name="Go To" owner="SeleniumLibrary">
<msg time="2024-09-30T14:21:18.507187" level="INFO">Opening url 'http://autocomposicao-frontend-dev.apps.ocppge.in.pge.rj.gov.br/acordos'</msg>
<arg>url=${URL}</arg>
<doc>Navigates the current browser window to the provided ``url``.</doc>
<status status="PASS" start="2024-09-30T14:21:18.507187" elapsed="0.612532"/>
</kw>
<status status="PASS" start="2024-09-30T14:21:18.507187" elapsed="0.612532"/>
</kw>
<kw name="E seleciona a opção &quot;Processo concluído com êxito&quot; no campo &quot;Status&quot;" owner="listar_acordos_page">
<kw name="Click Element" owner="SeleniumLibrary">
<msg time="2024-09-30T14:21:19.120718" level="INFO">Clicking element '//option[@value='10'][contains(.,'Processo concluído com êxito')]'.</msg>
<arg>locator=//option[@value='10'][contains(.,'Processo concluído com êxito')]</arg>
<doc>Click the element identified by ``locator``.</doc>
<status status="PASS" start="2024-09-30T14:21:19.120718" elapsed="0.064874"/>
</kw>
<status status="PASS" start="2024-09-30T14:21:19.120718" elapsed="0.065874"/>
</kw>
<kw name="E clica no botão Buscar" owner="listar_acordos_page">
<kw name="Click Button" owner="SeleniumLibrary">
<msg time="2024-09-30T14:21:19.187595" level="INFO">Clicking button '//button[contains(.,'Buscar')]'.</msg>
<arg>${CLICK_BUTON}</arg>
<doc>Clicks the button identified by ``locator``.</doc>
<status status="PASS" start="2024-09-30T14:21:19.186592" elapsed="0.129049"/>
</kw>
<status status="PASS" start="2024-09-30T14:21:19.186592" elapsed="0.129049"/>
</kw>
<kw name="Então o sistema atualiza a lista com o registro de status 10" owner="listar_acordos_page">
<kw name="Wait Until Element Contains" owner="SeleniumLibrary">
<msg time="2024-09-30T14:21:24.517202" level="INFO" html="true">&lt;/td&gt;&lt;/tr&gt;&lt;tr&gt;&lt;td colspan="3"&gt;&lt;a href="selenium-screenshot-43.png"&gt;&lt;img src="selenium-screenshot-43.png" width="800px"&gt;&lt;/a&gt;</msg>
<msg time="2024-09-30T14:21:24.517202" level="FAIL">Element with locator '//span[@class='status-text d-block text-truncate'][contains(.,'Processo concluído com êxito')]' not found.</msg>
<arg>locator=//span[@class='status-text d-block text-truncate'][contains(.,'Processo concluído com êxito')]</arg>
<arg>text=Processo concluído com êxito</arg>
<doc>Waits until the element ``locator`` contains ``text``.</doc>
<status status="FAIL" start="2024-09-30T14:21:19.316639" elapsed="5.200563">Element with locator '//span[@class='status-text d-block text-truncate'][contains(.,'Processo concluído com êxito')]' not found.</status>
</kw>
<kw name="Page Should Contain Element" owner="SeleniumLibrary">
<arg>${STATUS_10}</arg>
<doc>Verifies that element ``locator`` is found on the current page.</doc>
<status status="NOT RUN" start="2024-09-30T14:21:24.517202" elapsed="0.000000"/>
</kw>
<status status="FAIL" start="2024-09-30T14:21:19.316639" elapsed="5.200563">Element with locator '//span[@class='status-text d-block text-truncate'][contains(.,'Processo concluído com êxito')]' not found.</status>
</kw>
<kw name="Run Keywords" owner="BuiltIn" type="TEARDOWN">
<kw name="Capture Page Screenshot" owner="SeleniumLibrary">
<msg time="2024-09-30T14:21:24.628922" level="INFO" html="true">&lt;/td&gt;&lt;/tr&gt;&lt;tr&gt;&lt;td colspan="3"&gt;&lt;a href="selenium-screenshot-44.png"&gt;&lt;img src="selenium-screenshot-44.png" width="800px"&gt;&lt;/a&gt;</msg>
<doc>Takes a screenshot of the current page and embeds it into a log file.</doc>
<status status="PASS" start="2024-09-30T14:21:24.518384" elapsed="0.110538"/>
</kw>
<kw name="Close Browser" owner="SeleniumLibrary">
<doc>Closes the current browser.</doc>
<status status="PASS" start="2024-09-30T14:21:24.628922" elapsed="3.269943"/>
</kw>
<arg>Capture Page Screenshot</arg>
<arg>Close Browser</arg>
<doc>Executes all the given keywords in a sequence.</doc>
<status status="PASS" start="2024-09-30T14:21:24.518384" elapsed="3.380481"/>
</kw>
<status status="FAIL" start="2024-09-30T14:21:16.951037" elapsed="10.948854">Element with locator '//span[@class='status-text d-block text-truncate'][contains(.,'Processo concluído com êxito')]' not found.</status>
</test>
<test id="s1-s1-t13" name="Caso de teste 13 - Buscar por parte" line="82">
<kw name="Abrir o navegador" owner="listar_acordos_page" type="SETUP">
<kw name="Open Browser" owner="SeleniumLibrary">
<msg time="2024-09-30T14:21:27.905889" level="INFO">Opening browser 'chrome' to base url 'None'.</msg>
<arg>browser=${BROWSER}</arg>
<doc>Opens a new browser instance to the optional ``url``.</doc>
<status status="PASS" start="2024-09-30T14:21:27.905889" elapsed="1.536311"/>
</kw>
<kw name="Maximize Browser Window" owner="SeleniumLibrary">
<doc>Maximizes current browser window.</doc>
<status status="PASS" start="2024-09-30T14:21:29.443198" elapsed="0.038466"/>
</kw>
<status status="PASS" start="2024-09-30T14:21:27.904888" elapsed="1.576776"/>
</kw>
<kw name="DADO que o usuário está logado no sistema de acordos" owner="listar_acordos_page">
<kw name="Go To" owner="SeleniumLibrary">
<msg time="2024-09-30T14:21:29.482663" level="INFO">Opening url 'http://autocomposicao-frontend-dev.apps.ocppge.in.pge.rj.gov.br/acordos'</msg>
<arg>url=${URL}</arg>
<doc>Navigates the current browser window to the provided ``url``.</doc>
<status status="PASS" start="2024-09-30T14:21:29.482663" elapsed="0.539728"/>
</kw>
<status status="PASS" start="2024-09-30T14:21:29.482663" elapsed="0.539728"/>
</kw>
<kw name="E preenche o campo &quot;Buscar por&quot; com o nome de uma parte" owner="listar_acordos_page">
<kw name="Click Element" owner="SeleniumLibrary">
<msg time="2024-09-30T14:21:30.027391" level="INFO">Clicking element '//input[contains(@class,'form-control')]'.</msg>
<arg>${INPUT_BUSCA}</arg>
<doc>Click the element identified by ``locator``.</doc>
<status status="PASS" start="2024-09-30T14:21:30.026397" elapsed="0.170882"/>
</kw>
<kw name="Input Text" owner="SeleniumLibrary">
<msg time="2024-09-30T14:21:30.198289" level="INFO">Typing text 'João' into text field '//input[contains(@class,'form-control')]'.</msg>
<arg>${INPUT_BUSCA}</arg>
<arg>João</arg>
<doc>Types the given ``text`` into the text field identified by ``locator``.</doc>
<status status="PASS" start="2024-09-30T14:21:30.197279" elapsed="0.084246"/>
</kw>
<status status="PASS" start="2024-09-30T14:21:30.025390" elapsed="0.256135"/>
</kw>
<kw name="E clica no botão Buscar" owner="listar_acordos_page">
<kw name="Click Button" owner="SeleniumLibrary">
<msg time="2024-09-30T14:21:30.283528" level="INFO">Clicking button '//button[contains(.,'Buscar')]'.</msg>
<arg>${CLICK_BUTON}</arg>
<doc>Clicks the button identified by ``locator``.</doc>
<status status="PASS" start="2024-09-30T14:21:30.283528" elapsed="0.093950"/>
</kw>
<status status="PASS" start="2024-09-30T14:21:30.282524" elapsed="0.094954"/>
</kw>
<kw name="Então o sistema filtra os resultados pelo nome da parte informada" owner="listar_acordos_page">
<kw name="Wait Until Page Contains" owner="SeleniumLibrary">
<arg>text=João</arg>
<doc>Waits until ``text`` appears on the current page.</doc>
<status status="PASS" start="2024-09-30T14:21:30.379479" elapsed="0.227712"/>
</kw>
<kw name="Page Should Contain" owner="SeleniumLibrary">
<msg time="2024-09-30T14:21:30.622492" level="INFO">Current page contains text 'João'.</msg>
<arg>text=João</arg>
<doc>Verifies that current page contains ``text``.</doc>
<status status="PASS" start="2024-09-30T14:21:30.608192" elapsed="0.014300"/>
</kw>
<status status="PASS" start="2024-09-30T14:21:30.379479" elapsed="0.244045"/>
</kw>
<kw name="Run Keywords" owner="BuiltIn" type="TEARDOWN">
<kw name="Capture Page Screenshot" owner="SeleniumLibrary">
<msg time="2024-09-30T14:21:30.748601" level="INFO" html="true">&lt;/td&gt;&lt;/tr&gt;&lt;tr&gt;&lt;td colspan="3"&gt;&lt;a href="selenium-screenshot-45.png"&gt;&lt;img src="selenium-screenshot-45.png" width="800px"&gt;&lt;/a&gt;</msg>
<doc>Takes a screenshot of the current page and embeds it into a log file.</doc>
<status status="PASS" start="2024-09-30T14:21:30.625074" elapsed="0.123527"/>
</kw>
<kw name="Close Browser" owner="SeleniumLibrary">
<doc>Closes the current browser.</doc>
<status status="PASS" start="2024-09-30T14:21:30.748601" elapsed="2.177296"/>
</kw>
<arg>Capture Page Screenshot</arg>
<arg>Close Browser</arg>
<doc>Executes all the given keywords in a sequence.</doc>
<status status="PASS" start="2024-09-30T14:21:30.624495" elapsed="2.301402"/>
</kw>
<status status="PASS" start="2024-09-30T14:21:27.903886" elapsed="5.030578"/>
</test>
<test id="s1-s1-t14" name="Caso de teste 14 - Buscar por registro inexistente" line="88">
<kw name="Abrir o navegador" owner="listar_acordos_page" type="SETUP">
<kw name="Open Browser" owner="SeleniumLibrary">
<msg time="2024-09-30T14:21:32.935174" level="INFO">Opening browser 'chrome' to base url 'None'.</msg>
<arg>browser=${BROWSER}</arg>
<doc>Opens a new browser instance to the optional ``url``.</doc>
<status status="PASS" start="2024-09-30T14:21:32.935174" elapsed="1.713647"/>
</kw>
<kw name="Maximize Browser Window" owner="SeleniumLibrary">
<doc>Maximizes current browser window.</doc>
<status status="PASS" start="2024-09-30T14:21:34.648821" elapsed="0.045475"/>
</kw>
<status status="PASS" start="2024-09-30T14:21:32.935174" elapsed="1.759122"/>
</kw>
<kw name="DADO que o usuário está logado no sistema de acordos" owner="listar_acordos_page">
<kw name="Go To" owner="SeleniumLibrary">
<msg time="2024-09-30T14:21:34.696297" level="INFO">Opening url 'http://autocomposicao-frontend-dev.apps.ocppge.in.pge.rj.gov.br/acordos'</msg>
<arg>url=${URL}</arg>
<doc>Navigates the current browser window to the provided ``url``.</doc>
<status status="PASS" start="2024-09-30T14:21:34.696297" elapsed="0.574245"/>
</kw>
<status status="PASS" start="2024-09-30T14:21:34.695295" elapsed="0.575247"/>
</kw>
<kw name="E preenche o campo &quot;Buscar por&quot; com o um registro inexistente" owner="listar_acordos_page">
<kw name="Click Element" owner="SeleniumLibrary">
<msg time="2024-09-30T14:21:35.271542" level="INFO">Clicking element '//input[contains(@class,'form-control')]'.</msg>
<arg>${INPUT_BUSCA}</arg>
<doc>Click the element identified by ``locator``.</doc>
<status status="PASS" start="2024-09-30T14:21:35.271542" elapsed="0.157292"/>
</kw>
<kw name="Input Text" owner="SeleniumLibrary">
<msg time="2024-09-30T14:21:35.429833" level="INFO">Typing text 'asdf' into text field '//input[contains(@class,'form-control')]'.</msg>
<arg>${INPUT_BUSCA}</arg>
<arg>asdf</arg>
<doc>Types the given ``text`` into the text field identified by ``locator``.</doc>
<status status="PASS" start="2024-09-30T14:21:35.428834" elapsed="0.072499"/>
</kw>
<status status="PASS" start="2024-09-30T14:21:35.271542" elapsed="0.229791"/>
</kw>
<kw name="E clica no botão Buscar" owner="listar_acordos_page">
<kw name="Click Button" owner="SeleniumLibrary">
<msg time="2024-09-30T14:21:35.502366" level="INFO">Clicking button '//button[contains(.,'Buscar')]'.</msg>
<arg>${CLICK_BUTON}</arg>
<doc>Clicks the button identified by ``locator``.</doc>
<status status="PASS" start="2024-09-30T14:21:35.502366" elapsed="0.067379"/>
</kw>
<status status="PASS" start="2024-09-30T14:21:35.502366" elapsed="0.067379"/>
</kw>
<kw name="Então o sistema exibe mensagem sobre os critérios da busca" owner="listar_acordos_page">
<kw name="Wait Until Page Contains" owner="SeleniumLibrary">
<arg>text=Não existem mediações cadastradas que atendam ao critério da pesquisa.</arg>
<doc>Waits until ``text`` appears on the current page.</doc>
<status status="PASS" start="2024-09-30T14:21:35.570744" elapsed="0.229752"/>
</kw>
<kw name="Page Should Contain" owner="SeleniumLibrary">
<msg time="2024-09-30T14:21:35.818364" level="INFO">Current page contains text 'Não existem mediações cadastradas que atendam ao critério da pesquisa.'.</msg>
<arg>text=Não existem mediações cadastradas que atendam ao critério da pesquisa.</arg>
<doc>Verifies that current page contains ``text``.</doc>
<status status="PASS" start="2024-09-30T14:21:35.800496" elapsed="0.017868"/>
</kw>
<status status="PASS" start="2024-09-30T14:21:35.570744" elapsed="0.248631"/>
</kw>
<kw name="Run Keywords" owner="BuiltIn" type="TEARDOWN">
<kw name="Capture Page Screenshot" owner="SeleniumLibrary">
<msg time="2024-09-30T14:21:36.005932" level="INFO" html="true">&lt;/td&gt;&lt;/tr&gt;&lt;tr&gt;&lt;td colspan="3"&gt;&lt;a href="selenium-screenshot-46.png"&gt;&lt;img src="selenium-screenshot-46.png" width="800px"&gt;&lt;/a&gt;</msg>
<doc>Takes a screenshot of the current page and embeds it into a log file.</doc>
<status status="PASS" start="2024-09-30T14:21:35.820354" elapsed="0.185578"/>
</kw>
<kw name="Close Browser" owner="SeleniumLibrary">
<doc>Closes the current browser.</doc>
<status status="PASS" start="2024-09-30T14:21:36.006892" elapsed="2.197023"/>
</kw>
<arg>Capture Page Screenshot</arg>
<arg>Close Browser</arg>
<doc>Executes all the given keywords in a sequence.</doc>
<status status="PASS" start="2024-09-30T14:21:35.820354" elapsed="2.383561"/>
</kw>
<status status="PASS" start="2024-09-30T14:21:32.935174" elapsed="5.269762"/>
</test>
<doc>Essa suite testa a funcionalidade Listar acordos</doc>
<status status="FAIL" start="2024-09-30T14:20:10.279794" elapsed="87.929141"/>
</suite>
<status status="FAIL" start="2024-09-30T14:20:10.250528" elapsed="87.962928"/>
</suite>
<statistics>
<total>
<stat pass="11" fail="3" skip="0">All Tests</stat>
</total>
<tag>
</tag>
<suite>
<stat pass="11" fail="3" skip="0" id="s1" name="Test">Test</stat>
<stat pass="11" fail="3" skip="0" id="s1-s1" name="Listar Acordos Testes">Test.Listar Acordos Testes</stat>
</suite>
</statistics>
<errors>
</errors>
</robot>
